2019-06-23 19:15:36,713 DEBUG - commonrequest:getBlockByNumber:36,DONE
2019-06-23 19:15:47,732 DEBUG - commonrequest:getBlockByNumber:38,ERROR 40004:BlockNumber does not exist
2019-06-23 19:18:15,529 DEBUG - commonrequest:getSystemConfigByKey:36,DONE
2019-06-23 19:20:37,169 DEBUG - getSystemConfigByKey,sendbyts:[]
2019-06-23 19:20:37,211 DEBUG - commonrequest:getSystemConfigByKey:43,DONE
2019-06-23 19:21:36,223 DEBUG - getSystemConfigByKey,sendbyts:94
2019-06-23 19:21:36,257 DEBUG - commonrequest:getSystemConfigByKey:34,DONE
2019-06-23 19:24:52,720 DEBUG - make_request:getSystemConfigByKey,sendbyts:94
2019-06-23 19:24:52,754 DEBUG - commonrequest:getSystemConfigByKey:34,DONE
2019-06-24 00:15:25,320 DEBUG - %.2f 2201.146364212036,ms
2019-06-24 00:16:29,436 DEBUG - 34.27 ms,make_request:getBlockNumber,sendbyts:70
2019-06-24 00:16:46,901 DEBUG - 77.31 ms,make_request:getBlockNumber,sendbyts:70
2019-06-24 00:16:46,902 DEBUG - 77.81 ms,commonrequest:getBlockNumber:DONE
2019-06-24 00:16:47,103 DEBUG - 177.78 ms,make_request:sendRawTransaction,sendbyts:6804
2019-06-24 00:16:47,104 DEBUG - 178.78 ms,commonrequest:sendRawTransaction:DONE
2019-06-24 00:16:47,137 DEBUG - 33.22 ms,make_request:getTransactionReceipt,sendbyts:147
2019-06-24 00:16:47,137 DEBUG - 33.72 ms,commonrequest:getTransactionReceipt:DONE
2019-06-24 00:16:48,163 DEBUG - 24.56 ms,make_request:getTransactionReceipt,sendbyts:147
2019-06-24 00:16:48,163 DEBUG - 25.07 ms,commonrequest:getTransactionReceipt:DONE
2019-06-24 00:16:48,163 DEBUG - 1339.94 ms,sendRawTransactionGetReceipt,DONE
2019-06-24 00:16:48,214 DEBUG - 14.54 ms,make_request:getBlockNumber,sendbyts:70
2019-06-24 00:16:48,214 DEBUG - 14.54 ms,commonrequest:getBlockNumber:DONE
2019-06-24 00:16:48,239 DEBUG - 25.57 ms,make_request:getBlockNumber,sendbyts:70
2019-06-24 00:16:48,240 DEBUG - 26.09 ms,commonrequest:getBlockNumber:DONE
2019-06-24 00:16:48,277 DEBUG - 37.07 ms,make_request:getBlockNumber,sendbyts:70
2019-06-24 00:16:48,277 DEBUG - 37.57 ms,commonrequest:getBlockNumber:DONE
2019-06-24 00:16:48,362 DEBUG - 84.22 ms,make_request:getBlockNumber,sendbyts:70
2019-06-24 00:16:48,362 DEBUG - 84.72 ms,commonrequest:getBlockNumber:DONE
2019-06-24 00:16:48,405 DEBUG - 42.11 ms,make_request:getBlockNumber,sendbyts:70
2019-06-24 00:16:48,405 DEBUG - 42.61 ms,commonrequest:getBlockNumber:DONE
2019-06-24 00:16:48,490 DEBUG - 59.66 ms,make_request:sendRawTransaction,sendbyts:638
2019-06-24 00:16:48,490 DEBUG - 60.16 ms,commonrequest:sendRawTransaction:DONE
2019-06-24 00:16:48,585 DEBUG - 93.75 ms,make_request:getTransactionReceipt,sendbyts:148
2019-06-24 00:16:48,585 DEBUG - 94.78 ms,commonrequest:getTransactionReceipt:DONE
2019-06-24 00:16:48,585 DEBUG - 390.07 ms,sendRawTransactionGetReceipt,DONE
2019-06-24 00:16:48,612 DEBUG - 25.57 ms,make_request:getTransactionByHash,sendbyts:147
2019-06-24 00:16:48,613 DEBUG - 26.07 ms,commonrequest:getTransactionByHash:DONE
2019-06-24 00:16:48,648 DEBUG - 32.59 ms,make_request:call,sendbyts:203
2019-06-24 00:16:48,648 DEBUG - 33.09 ms,commonrequest:call:DONE
2019-06-24 00:16:48,665 DEBUG - 16.04 ms,make_request:call,sendbyts:267
2019-06-24 00:16:48,665 DEBUG - 16.04 ms,commonrequest:call:DONE
2019-06-24 00:16:48,686 DEBUG - 20.56 ms,make_request:call,sendbyts:203
2019-06-24 00:16:48,687 DEBUG - 21.06 ms,commonrequest:call:DONE
2019-06-24 00:16:48,724 DEBUG - 35.60 ms,make_request:call,sendbyts:203
2019-06-24 00:16:48,724 DEBUG - 36.10 ms,commonrequest:call:DONE
2019-06-24 00:18:40,849 DEBUG - 29.31ms,make_request:getBlockNumber,sendbyts:70
2019-06-24 00:18:40,849 DEBUG - 29.81ms,commonrequest:getBlockNumber:DONE
2019-06-24 00:18:40,884 DEBUG - 14.58ms,make_request:sendRawTransaction,sendbyts:6804
2019-06-24 00:18:40,884 DEBUG - 15.08ms,commonrequest:sendRawTransaction:DONE
2019-06-24 00:18:40,903 DEBUG - 18.39ms,make_request:getTransactionReceipt,sendbyts:147
2019-06-24 00:18:40,903 DEBUG - 18.39ms,commonrequest:getTransactionReceipt:DONE
2019-06-24 00:18:41,947 DEBUG - 43.38ms,make_request:getTransactionReceipt,sendbyts:147
2019-06-24 00:18:41,947 DEBUG - 43.88ms,commonrequest:getTransactionReceipt:DONE
2019-06-24 00:18:41,947 DEBUG - 1128.24ms,sendRawTransactionGetReceipt,DONE
2019-06-24 00:18:41,981 DEBUG - 15.80ms,make_request:getBlockNumber,sendbyts:70
2019-06-24 00:18:41,981 DEBUG - 15.80ms,commonrequest:getBlockNumber:DONE
2019-06-24 00:18:42,011 DEBUG - 29.45ms,make_request:getBlockNumber,sendbyts:70
2019-06-24 00:18:42,011 DEBUG - 29.93ms,commonrequest:getBlockNumber:DONE
2019-06-24 00:18:42,039 DEBUG - 27.14ms,make_request:getBlockNumber,sendbyts:70
2019-06-24 00:18:42,039 DEBUG - 27.64ms,commonrequest:getBlockNumber:DONE
2019-06-24 00:18:42,059 DEBUG - 20.26ms,make_request:getBlockNumber,sendbyts:70
2019-06-24 00:18:42,060 DEBUG - 20.76ms,commonrequest:getBlockNumber:DONE
2019-06-24 00:18:42,073 DEBUG - 13.14ms,make_request:getBlockNumber,sendbyts:70
2019-06-24 00:18:42,073 DEBUG - 13.64ms,commonrequest:getBlockNumber:DONE
2019-06-24 00:18:42,147 DEBUG - 43.17ms,make_request:sendRawTransaction,sendbyts:638
2019-06-24 00:18:42,147 DEBUG - 43.67ms,commonrequest:sendRawTransaction:DONE
2019-06-24 00:18:42,160 DEBUG - 12.50ms,make_request:getTransactionReceipt,sendbyts:148
2019-06-24 00:18:42,160 DEBUG - 13.03ms,commonrequest:getTransactionReceipt:DONE
2019-06-24 00:18:43,195 DEBUG - 34.65ms,make_request:getTransactionReceipt,sendbyts:148
2019-06-24 00:18:43,195 DEBUG - 35.16ms,commonrequest:getTransactionReceipt:DONE
2019-06-24 00:18:43,195 DEBUG - 1232.33ms,sendRawTransactionGetReceipt,DONE
2019-06-24 00:18:43,211 DEBUG - 13.00ms,make_request:getTransactionByHash,sendbyts:147
2019-06-24 00:18:43,211 DEBUG - 13.50ms,commonrequest:getTransactionByHash:DONE
2019-06-24 00:18:43,240 DEBUG - 26.70ms,make_request:call,sendbyts:203
2019-06-24 00:18:43,240 DEBUG - 26.70ms,commonrequest:call:DONE
2019-06-24 00:18:43,279 DEBUG - 38.23ms,make_request:call,sendbyts:267
2019-06-24 00:18:43,279 DEBUG - 38.74ms,commonrequest:call:DONE
2019-06-24 00:18:43,294 DEBUG - 13.12ms,make_request:call,sendbyts:203
2019-06-24 00:18:43,294 DEBUG - 13.63ms,commonrequest:call:DONE
2019-06-24 00:18:43,310 DEBUG - 15.04ms,make_request:call,sendbyts:203
2019-06-24 00:18:43,310 DEBUG - 15.04ms,commonrequest:call:DONE
2019-06-24 00:19:01,349 DEBUG - 38.48ms,make_request:getBlockNumber,sendbyts:70
2019-06-24 00:19:01,349 DEBUG - 38.98ms,commonrequest:getBlockNumber:DONE
2019-06-24 00:19:01,399 DEBUG - 29.20ms,make_request:sendRawTransaction,sendbyts:6804
2019-06-24 00:19:01,400 DEBUG - 29.70ms,commonrequest:sendRawTransaction:DONE
2019-06-24 00:19:01,415 DEBUG - 15.14ms,make_request:getTransactionReceipt,sendbyts:147
2019-06-24 00:19:01,415 DEBUG - 15.64ms,commonrequest:getTransactionReceipt:DONE
2019-06-24 00:19:02,434 DEBUG - 17.98ms,make_request:getTransactionReceipt,sendbyts:147
2019-06-24 00:19:02,434 DEBUG - 18.98ms,commonrequest:getTransactionReceipt:DONE
2019-06-24 00:19:02,434 DEBUG - 1124.63ms,sendRawTransactionGetReceipt,DONE
2019-06-24 00:19:02,499 DEBUG - 17.05ms,make_request:getBlockNumber,sendbyts:70
2019-06-24 00:19:02,499 DEBUG - 17.55ms,commonrequest:getBlockNumber:DONE
2019-06-24 00:19:02,519 DEBUG - 20.05ms,make_request:getBlockNumber,sendbyts:70
2019-06-24 00:19:02,520 DEBUG - 20.56ms,commonrequest:getBlockNumber:DONE
2019-06-24 00:19:02,534 DEBUG - 14.76ms,make_request:getBlockNumber,sendbyts:70
2019-06-24 00:19:02,535 DEBUG - 15.26ms,commonrequest:getBlockNumber:DONE
2019-06-24 00:19:02,550 DEBUG - 14.70ms,make_request:getBlockNumber,sendbyts:70
2019-06-24 00:19:02,550 DEBUG - 14.70ms,commonrequest:getBlockNumber:DONE
2019-06-24 00:19:02,566 DEBUG - 16.04ms,make_request:getBlockNumber,sendbyts:70
2019-06-24 00:19:02,567 DEBUG - 16.55ms,commonrequest:getBlockNumber:DONE
2019-06-24 00:19:02,601 DEBUG - 14.50ms,make_request:sendRawTransaction,sendbyts:638
2019-06-24 00:19:02,601 DEBUG - 15.00ms,commonrequest:sendRawTransaction:DONE
2019-06-24 00:19:02,623 DEBUG - 21.49ms,make_request:getTransactionReceipt,sendbyts:148
2019-06-24 00:19:02,623 DEBUG - 21.49ms,commonrequest:getTransactionReceipt:DONE
2019-06-24 00:19:03,652 DEBUG - 28.45ms,make_request:getTransactionReceipt,sendbyts:148
2019-06-24 00:19:03,653 DEBUG - 29.46ms,commonrequest:getTransactionReceipt:DONE
2019-06-24 00:19:03,654 DEBUG - 1177.53ms,sendRawTransactionGetReceipt,DONE
2019-06-24 00:19:03,687 DEBUG - 24.65ms,make_request:getTransactionByHash,sendbyts:147
2019-06-24 00:19:03,688 DEBUG - 26.15ms,commonrequest:getTransactionByHash:DONE
2019-06-24 00:19:03,717 DEBUG - 23.56ms,make_request:call,sendbyts:203
2019-06-24 00:19:03,718 DEBUG - 26.07ms,commonrequest:call:DONE
2019-06-24 00:19:03,756 DEBUG - 33.58ms,make_request:call,sendbyts:267
2019-06-24 00:19:03,757 DEBUG - 35.09ms,commonrequest:call:DONE
2019-06-24 00:19:03,788 DEBUG - 27.03ms,make_request:call,sendbyts:203
2019-06-24 00:19:03,789 DEBUG - 29.04ms,commonrequest:call:DONE
2019-06-24 00:19:03,829 DEBUG - 35.60ms,make_request:call,sendbyts:203
2019-06-24 00:19:03,831 DEBUG - 37.10ms,commonrequest:call:DONE
2019-06-24 00:19:48,450 DEBUG - 38.33ms,make_request:getBlockNumber,sendbyts:70
2019-06-24 00:19:48,450 DEBUG - 0.04s,commonrequest:getBlockNumber:DONE
2019-06-24 00:19:48,488 DEBUG - 18.80ms,make_request:sendRawTransaction,sendbyts:6804
2019-06-24 00:19:48,489 DEBUG - 0.02s,commonrequest:sendRawTransaction:DONE
2019-06-24 00:19:48,512 DEBUG - 22.79ms,make_request:getTransactionReceipt,sendbyts:147
2019-06-24 00:19:48,513 DEBUG - 0.02s,commonrequest:getTransactionReceipt:DONE
2019-06-24 00:19:49,539 DEBUG - 25.15ms,make_request:getTransactionReceipt,sendbyts:147
2019-06-24 00:19:49,540 DEBUG - 0.03s,commonrequest:getTransactionReceipt:DONE
2019-06-24 00:19:49,540 DEBUG - 1130.10ms,sendRawTransactionGetReceipt,DONE
2019-06-24 00:19:49,596 DEBUG - 12.96ms,make_request:getBlockNumber,sendbyts:70
2019-06-24 00:19:49,596 DEBUG - 0.01s,commonrequest:getBlockNumber:DONE
2019-06-24 00:19:49,612 DEBUG - 14.70ms,make_request:getBlockNumber,sendbyts:70
2019-06-24 00:19:49,612 DEBUG - 0.02s,commonrequest:getBlockNumber:DONE
2019-06-24 00:19:49,625 DEBUG - 13.18ms,make_request:getBlockNumber,sendbyts:70
2019-06-24 00:19:49,626 DEBUG - 0.01s,commonrequest:getBlockNumber:DONE
2019-06-24 00:19:49,639 DEBUG - 12.98ms,make_request:getBlockNumber,sendbyts:70
2019-06-24 00:19:49,639 DEBUG - 0.01s,commonrequest:getBlockNumber:DONE
2019-06-24 00:19:49,653 DEBUG - 13.70ms,make_request:getBlockNumber,sendbyts:70
2019-06-24 00:19:49,654 DEBUG - 0.01s,commonrequest:getBlockNumber:DONE
2019-06-24 00:19:49,687 DEBUG - 14.37ms,make_request:sendRawTransaction,sendbyts:638
2019-06-24 00:19:49,688 DEBUG - 0.01s,commonrequest:sendRawTransaction:DONE
2019-06-24 00:19:49,703 DEBUG - 14.68ms,make_request:getTransactionReceipt,sendbyts:148
2019-06-24 00:19:49,703 DEBUG - 0.02s,commonrequest:getTransactionReceipt:DONE
2019-06-24 00:19:50,733 DEBUG - 29.41ms,make_request:getTransactionReceipt,sendbyts:148
2019-06-24 00:19:50,734 DEBUG - 0.03s,commonrequest:getTransactionReceipt:DONE
2019-06-24 00:19:50,734 DEBUG - 1153.74ms,sendRawTransactionGetReceipt,DONE
2019-06-24 00:19:50,762 DEBUG - 21.54ms,make_request:getTransactionByHash,sendbyts:147
2019-06-24 00:19:50,762 DEBUG - 0.02s,commonrequest:getTransactionByHash:DONE
2019-06-24 00:19:50,780 DEBUG - 15.72ms,make_request:call,sendbyts:203
2019-06-24 00:19:50,780 DEBUG - 0.02s,commonrequest:call:DONE
2019-06-24 00:19:50,796 DEBUG - 14.58ms,make_request:call,sendbyts:267
2019-06-24 00:19:50,797 DEBUG - 0.02s,commonrequest:call:DONE
2019-06-24 00:19:50,812 DEBUG - 15.28ms,make_request:call,sendbyts:203
2019-06-24 00:19:50,813 DEBUG - 0.02s,commonrequest:call:DONE
2019-06-24 00:19:50,829 DEBUG - 14.64ms,make_request:call,sendbyts:203
2019-06-24 00:19:50,829 DEBUG - 0.02s,commonrequest:call:DONE
2019-06-24 00:20:35,953 DEBUG - 36.29ms,make_request:getBlockNumber,sendbyts:70
2019-06-24 00:20:35,954 DEBUG - 0.04s,commonrequest:getBlockNumber:DONE
2019-06-24 00:20:36,000 DEBUG - 26.15ms,make_request:sendRawTransaction,sendbyts:6804
2019-06-24 00:20:36,000 DEBUG - 0.03s,commonrequest:sendRawTransaction:DONE
2019-06-24 00:20:36,015 DEBUG - 14.72ms,make_request:getTransactionReceipt,sendbyts:147
2019-06-24 00:20:36,015 DEBUG - 0.01s,commonrequest:getTransactionReceipt:DONE
2019-06-24 00:20:36,016 DEBUG - 98.74ms,sendRawTransactionGetReceipt,DONE
2019-06-24 00:20:36,047 DEBUG - 13.33ms,make_request:getBlockNumber,sendbyts:70
2019-06-24 00:20:36,047 DEBUG - 0.01s,commonrequest:getBlockNumber:DONE
2019-06-24 00:20:36,061 DEBUG - 13.50ms,make_request:getBlockNumber,sendbyts:70
2019-06-24 00:20:36,061 DEBUG - 0.01s,commonrequest:getBlockNumber:DONE
2019-06-24 00:20:36,075 DEBUG - 13.35ms,make_request:getBlockNumber,sendbyts:70
2019-06-24 00:20:36,075 DEBUG - 0.01s,commonrequest:getBlockNumber:DONE
2019-06-24 00:20:36,090 DEBUG - 14.60ms,make_request:getBlockNumber,sendbyts:70
2019-06-24 00:20:36,090 DEBUG - 0.02s,commonrequest:getBlockNumber:DONE
2019-06-24 00:20:36,104 DEBUG - 13.50ms,make_request:getBlockNumber,sendbyts:70
2019-06-24 00:20:36,104 DEBUG - 0.01s,commonrequest:getBlockNumber:DONE
2019-06-24 00:20:36,143 DEBUG - 15.20ms,make_request:sendRawTransaction,sendbyts:638
2019-06-24 00:20:36,143 DEBUG - 0.02s,commonrequest:sendRawTransaction:DONE
2019-06-24 00:20:36,157 DEBUG - 13.03ms,make_request:getTransactionReceipt,sendbyts:147
2019-06-24 00:20:36,157 DEBUG - 0.01s,commonrequest:getTransactionReceipt:DONE
2019-06-24 00:20:37,177 DEBUG - 19.67ms,make_request:getTransactionReceipt,sendbyts:148
2019-06-24 00:20:37,178 DEBUG - 0.02s,commonrequest:getTransactionReceipt:DONE
2019-06-24 00:20:37,178 DEBUG - 1146.96ms,sendRawTransactionGetReceipt,DONE
2019-06-24 00:20:37,196 DEBUG - 15.65ms,make_request:getTransactionByHash,sendbyts:147
2019-06-24 00:20:37,196 DEBUG - 0.02s,commonrequest:getTransactionByHash:DONE
2019-06-24 00:20:37,212 DEBUG - 14.54ms,make_request:call,sendbyts:203
2019-06-24 00:20:37,213 DEBUG - 0.02s,commonrequest:call:DONE
2019-06-24 00:20:37,228 DEBUG - 14.97ms,make_request:call,sendbyts:267
2019-06-24 00:20:37,229 DEBUG - 0.02s,commonrequest:call:DONE
2019-06-24 00:20:37,243 DEBUG - 13.55ms,make_request:call,sendbyts:203
2019-06-24 00:20:37,243 DEBUG - 0.01s,commonrequest:call:DONE
2019-06-24 00:20:37,258 DEBUG - 13.64ms,make_request:call,sendbyts:203
2019-06-24 00:20:37,258 DEBUG - 0.01s,commonrequest:call:DONE
2019-06-24 00:22:32,640 DEBUG - 34.77ms,make_request:getBlockNumber,sendbyts:70
2019-06-24 00:22:32,640 DEBUG - 0.03s,commonrequest:getBlockNumber:DONE
2019-06-24 00:22:32,685 DEBUG - 25.60ms,make_request:sendRawTransaction,sendbyts:6804
2019-06-24 00:22:32,686 DEBUG - 0.03s,commonrequest:sendRawTransaction:DONE
2019-06-24 00:22:32,708 DEBUG - 21.64ms,make_request:getTransactionReceipt,sendbyts:147
2019-06-24 00:22:32,708 DEBUG - 0.02s,commonrequest:getTransactionReceipt:DONE
2019-06-24 00:22:32,708 DEBUG - 103.54ms,sendRawTransactionGetReceipt,DONE
2019-06-24 00:22:32,756 DEBUG - 19.05ms,make_request:getBlockNumber,sendbyts:70
2019-06-24 00:22:32,756 DEBUG - 0.02s,commonrequest:getBlockNumber:DONE
2019-06-24 00:22:32,777 DEBUG - 20.05ms,make_request:getBlockNumber,sendbyts:70
2019-06-24 00:22:32,777 DEBUG - 0.02s,commonrequest:getBlockNumber:DONE
2019-06-24 00:22:32,791 DEBUG - 13.50ms,make_request:getBlockNumber,sendbyts:70
2019-06-24 00:22:32,791 DEBUG - 0.01s,commonrequest:getBlockNumber:DONE
2019-06-24 00:22:32,813 DEBUG - 21.05ms,make_request:getBlockNumber,sendbyts:70
2019-06-24 00:22:32,813 DEBUG - 0.02s,commonrequest:getBlockNumber:DONE
2019-06-24 00:22:32,831 DEBUG - 17.05ms,make_request:getBlockNumber,sendbyts:70
2019-06-24 00:22:32,832 DEBUG - 0.02s,commonrequest:getBlockNumber:DONE
2019-06-24 00:22:32,869 DEBUG - 17.05ms,make_request:sendRawTransaction,sendbyts:638
2019-06-24 00:22:32,870 DEBUG - 0.02s,commonrequest:sendRawTransaction:DONE
2019-06-24 00:22:32,882 DEBUG - 12.30ms,make_request:getTransactionReceipt,sendbyts:147
2019-06-24 00:22:32,882 DEBUG - 0.01s,commonrequest:getTransactionReceipt:DONE
2019-06-24 00:22:33,898 DEBUG - 15.04ms,make_request:getTransactionReceipt,sendbyts:148
2019-06-24 00:22:33,898 DEBUG - 0.02s,commonrequest:getTransactionReceipt:DONE
2019-06-24 00:22:33,898 DEBUG - 1165.80ms,sendRawTransactionGetReceipt,DONE
2019-06-24 00:22:33,922 DEBUG - 21.56ms,make_request:getTransactionByHash,sendbyts:147
2019-06-24 00:22:33,922 DEBUG - 0.02s,commonrequest:getTransactionByHash:DONE
2019-06-24 00:22:33,941 DEBUG - 16.65ms,make_request:call,sendbyts:203
2019-06-24 00:22:33,941 DEBUG - 0.02s,commonrequest:call:DONE
2019-06-24 00:22:33,956 DEBUG - 14.16ms,make_request:call,sendbyts:267
2019-06-24 00:22:33,956 DEBUG - 0.01s,commonrequest:call:DONE
2019-06-24 00:22:33,974 DEBUG - 17.20ms,make_request:call,sendbyts:203
2019-06-24 00:22:33,975 DEBUG - 0.02s,commonrequest:call:DONE
2019-06-24 00:22:34,000 DEBUG - 24.83ms,make_request:call,sendbyts:203
2019-06-24 00:22:34,000 DEBUG - 0.03s,commonrequest:call:DONE
2019-06-24 00:23:16,593 DEBUG - 52.78ms,make_request:getBlockNumber,sendbyts:70
2019-06-24 00:23:16,594 DEBUG - 53.28ms,commonrequest:getBlockNumber:DONE
2019-06-24 00:23:16,665 DEBUG - 46.11ms,make_request:sendRawTransaction,sendbyts:6804
2019-06-24 00:23:16,665 DEBUG - 46.61ms,commonrequest:sendRawTransaction:DONE
2019-06-24 00:23:16,682 DEBUG - 16.39ms,make_request:getTransactionReceipt,sendbyts:147
2019-06-24 00:23:16,682 DEBUG - 16.39ms,commonrequest:getTransactionReceipt:DONE
2019-06-24 00:23:17,700 DEBUG - 18.05ms,make_request:getTransactionReceipt,sendbyts:147
2019-06-24 00:23:17,701 DEBUG - 18.55ms,commonrequest:getTransactionReceipt:DONE
2019-06-24 00:23:17,701 DEBUG - 1161.22ms,sendRawTransactionGetReceipt,DONE
2019-06-24 00:23:17,739 DEBUG - 14.06ms,make_request:getBlockNumber,sendbyts:70
2019-06-24 00:23:17,739 DEBUG - 14.06ms,commonrequest:getBlockNumber:DONE
2019-06-24 00:23:17,752 DEBUG - 12.92ms,make_request:getBlockNumber,sendbyts:70
2019-06-24 00:23:17,752 DEBUG - 12.92ms,commonrequest:getBlockNumber:DONE
2019-06-24 00:23:17,769 DEBUG - 16.68ms,make_request:getBlockNumber,sendbyts:70
2019-06-24 00:23:17,770 DEBUG - 17.18ms,commonrequest:getBlockNumber:DONE
2019-06-24 00:23:17,783 DEBUG - 13.25ms,make_request:getBlockNumber,sendbyts:70
2019-06-24 00:23:17,783 DEBUG - 13.25ms,commonrequest:getBlockNumber:DONE
2019-06-24 00:23:17,796 DEBUG - 13.40ms,make_request:getBlockNumber,sendbyts:70
2019-06-24 00:23:17,796 DEBUG - 13.40ms,commonrequest:getBlockNumber:DONE
2019-06-24 00:23:17,829 DEBUG - 13.79ms,make_request:sendRawTransaction,sendbyts:638
2019-06-24 00:23:17,829 DEBUG - 13.79ms,commonrequest:sendRawTransaction:DONE
2019-06-24 00:23:17,846 DEBUG - 15.67ms,make_request:getTransactionReceipt,sendbyts:148
2019-06-24 00:23:17,846 DEBUG - 16.20ms,commonrequest:getTransactionReceipt:DONE
2019-06-24 00:23:17,846 DEBUG - 124.93ms,sendRawTransactionGetReceipt,DONE
2019-06-24 00:23:17,863 DEBUG - 15.23ms,make_request:getTransactionByHash,sendbyts:147
2019-06-24 00:23:17,863 DEBUG - 15.73ms,commonrequest:getTransactionByHash:DONE
2019-06-24 00:23:17,877 DEBUG - 13.18ms,make_request:call,sendbyts:203
2019-06-24 00:23:17,878 DEBUG - 13.69ms,commonrequest:call:DONE
2019-06-24 00:23:17,894 DEBUG - 14.72ms,make_request:call,sendbyts:267
2019-06-24 00:23:17,894 DEBUG - 15.25ms,commonrequest:call:DONE
2019-06-24 00:23:17,908 DEBUG - 13.64ms,make_request:call,sendbyts:203
2019-06-24 00:23:17,909 DEBUG - 14.14ms,commonrequest:call:DONE
2019-06-24 00:23:17,927 DEBUG - 16.20ms,make_request:call,sendbyts:203
2019-06-24 00:23:17,927 DEBUG - 16.71ms,commonrequest:call:DONE
2019-06-24 00:25:00,275 DEBUG - 38.18ms,make_request:getSystemConfigByKey,sendbyts:94
2019-06-24 00:25:00,275 DEBUG - 38.68ms,commonrequest:getSystemConfigByKey:DONE
2019-06-24 00:25:10,935 DEBUG - 35.59ms,make_request:getBlockNumber,sendbyts:70
2019-06-24 00:25:10,935 DEBUG - 35.59ms,commonrequest:getBlockNumber:DONE
2019-06-24 00:25:10,975 DEBUG - 16.88ms,make_request:sendRawTransaction,sendbyts:6804
2019-06-24 00:25:10,976 DEBUG - 17.38ms,commonrequest:sendRawTransaction:DONE
2019-06-24 00:25:10,989 DEBUG - 13.68ms,make_request:getTransactionReceipt,sendbyts:147
2019-06-24 00:25:10,990 DEBUG - 14.16ms,commonrequest:getTransactionReceipt:DONE
2019-06-24 00:25:12,011 DEBUG - 21.05ms,make_request:getTransactionReceipt,sendbyts:147
2019-06-24 00:25:12,011 DEBUG - 21.55ms,commonrequest:getTransactionReceipt:DONE
2019-06-24 00:25:12,012 DEBUG - 1112.95ms,sendRawTransactionGetReceipt,DONE
2019-06-24 00:25:12,054 DEBUG - 14.04ms,make_request:getBlockNumber,sendbyts:70
2019-06-24 00:25:12,054 DEBUG - 14.04ms,commonrequest:getBlockNumber:DONE
2019-06-24 00:25:12,078 DEBUG - 24.06ms,make_request:getBlockNumber,sendbyts:70
2019-06-24 00:25:12,079 DEBUG - 24.56ms,commonrequest:getBlockNumber:DONE
2019-06-24 00:25:12,093 DEBUG - 14.39ms,make_request:getBlockNumber,sendbyts:70
2019-06-24 00:25:12,094 DEBUG - 14.89ms,commonrequest:getBlockNumber:DONE
2019-06-24 00:25:12,108 DEBUG - 14.28ms,make_request:getBlockNumber,sendbyts:70
2019-06-24 00:25:12,108 DEBUG - 14.81ms,commonrequest:getBlockNumber:DONE
2019-06-24 00:25:12,127 DEBUG - 19.05ms,make_request:getBlockNumber,sendbyts:70
2019-06-24 00:25:12,128 DEBUG - 19.55ms,commonrequest:getBlockNumber:DONE
2019-06-24 00:25:12,163 DEBUG - 13.65ms,make_request:sendRawTransaction,sendbyts:638
2019-06-24 00:25:12,163 DEBUG - 13.65ms,commonrequest:sendRawTransaction:DONE
2019-06-24 00:25:12,189 DEBUG - 25.51ms,make_request:getTransactionReceipt,sendbyts:148
2019-06-24 00:25:12,190 DEBUG - 26.52ms,commonrequest:getTransactionReceipt:DONE
2019-06-24 00:25:13,208 DEBUG - 18.47ms,make_request:getTransactionReceipt,sendbyts:148
2019-06-24 00:25:13,209 DEBUG - 18.97ms,commonrequest:getTransactionReceipt:DONE
2019-06-24 00:25:13,209 DEBUG - 1171.73ms,sendRawTransactionGetReceipt,DONE
2019-06-24 00:25:13,225 DEBUG - 14.55ms,make_request:getTransactionByHash,sendbyts:147
2019-06-24 00:25:13,225 DEBUG - 15.05ms,commonrequest:getTransactionByHash:DONE
2019-06-24 00:25:13,241 DEBUG - 15.04ms,make_request:call,sendbyts:203
2019-06-24 00:25:13,242 DEBUG - 15.54ms,commonrequest:call:DONE
2019-06-24 00:25:13,257 DEBUG - 14.37ms,make_request:call,sendbyts:267
2019-06-24 00:25:13,257 DEBUG - 14.87ms,commonrequest:call:DONE
2019-06-24 00:25:13,271 DEBUG - 13.74ms,make_request:call,sendbyts:203
2019-06-24 00:25:13,272 DEBUG - 14.24ms,commonrequest:call:DONE
2019-06-24 00:25:13,289 DEBUG - 16.23ms,make_request:call,sendbyts:203
2019-06-24 00:25:13,290 DEBUG - 17.24ms,commonrequest:call:DONE
2019-06-24 00:25:30,756 DEBUG - 36.45ms,make_request:getBlockNumber,sendbyts:70
2019-06-24 00:25:30,757 DEBUG - 36.95ms,commonrequest:getBlockNumber:DONE
2019-06-24 00:25:30,793 DEBUG - 15.81ms,make_request:sendRawTransaction,sendbyts:6804
2019-06-24 00:25:30,793 DEBUG - 16.35ms,commonrequest:sendRawTransaction:DONE
2019-06-24 00:25:30,810 DEBUG - 16.54ms,make_request:getTransactionReceipt,sendbyts:147
2019-06-24 00:25:30,810 DEBUG - 17.04ms,commonrequest:getTransactionReceipt:DONE
2019-06-24 00:25:31,839 DEBUG - 28.11ms,make_request:getTransactionReceipt,sendbyts:147
2019-06-24 00:25:31,840 DEBUG - 29.11ms,commonrequest:getTransactionReceipt:DONE
2019-06-24 00:25:32,874 DEBUG - 33.90ms,make_request:getTransactionReceipt,sendbyts:147
2019-06-24 00:25:32,874 DEBUG - 34.43ms,commonrequest:getTransactionReceipt:DONE
2019-06-24 00:25:33,875 DEBUG - 3155.65ms,sendRawTransactionGetReceipt,ERROR:TIMEOUT
2019-06-24 00:30:45,393 DEBUG - 53.15ms,make_request:getBlockNumber,sendbyts:70
2019-06-24 00:30:45,394 DEBUG - 53.65ms,commonrequest:getBlockNumber:DONE
2019-06-24 00:30:45,432 DEBUG - 18.12ms,make_request:sendRawTransaction,sendbyts:6804
2019-06-24 00:30:45,432 DEBUG - 18.65ms,commonrequest:sendRawTransaction:DONE
2019-06-24 00:30:45,448 DEBUG - 15.47ms,make_request:getTransactionReceipt,sendbyts:147
2019-06-24 00:30:45,448 DEBUG - 15.94ms,commonrequest:getTransactionReceipt:DONE
2019-06-24 00:30:46,474 DEBUG - 24.61ms,make_request:getTransactionReceipt,sendbyts:147
2019-06-24 00:30:46,474 DEBUG - 25.07ms,commonrequest:getTransactionReceipt:DONE
2019-06-24 00:30:47,506 DEBUG - 30.59ms,make_request:getTransactionReceipt,sendbyts:147
2019-06-24 00:30:47,507 DEBUG - 31.60ms,commonrequest:getTransactionReceipt:DONE
2019-06-24 00:30:48,508 INFO - 3168.79ms,sendRawTransactionGetReceipt,ERROR:TIMEOUT
2019-06-24 00:31:38,941 DEBUG - 38.27ms,make_request:getBlockNumber,sendbyts:70
2019-06-24 00:31:38,942 DEBUG - 38.77ms,commonrequest:getBlockNumber:DONE
2019-06-24 00:31:39,022 DEBUG - 60.66ms,make_request:sendRawTransaction,sendbyts:6804
2019-06-24 00:31:39,022 DEBUG - 60.66ms,commonrequest:sendRawTransaction:DONE
2019-06-24 00:31:39,045 DEBUG - 22.53ms,make_request:getTransactionReceipt,sendbyts:147
2019-06-24 00:31:39,046 DEBUG - 23.03ms,commonrequest:getTransactionReceipt:DONE
2019-06-24 00:31:40,082 DEBUG - 36.10ms,make_request:getTransactionReceipt,sendbyts:147
2019-06-24 00:31:40,083 DEBUG - 36.60ms,commonrequest:getTransactionReceipt:DONE
2019-06-24 00:31:41,112 DEBUG - 27.70ms,make_request:getTransactionReceipt,sendbyts:147
2019-06-24 00:31:41,113 DEBUG - 28.70ms,commonrequest:getTransactionReceipt:DONE
2019-06-24 00:31:42,114 INFO - 3211.75ms,sendRawTransactionGetReceipt,ERROR:TIMEOUT
2019-06-24 00:33:51,254 DEBUG - 37.74ms,make_request:getBlockNumber,sendbyts:70
2019-06-24 00:33:51,254 DEBUG - 38.24ms,commonrequest:getBlockNumber:DONE
2019-06-24 00:33:51,365 DEBUG - 90.24ms,make_request:sendRawTransaction,sendbyts:6804
2019-06-24 00:33:51,366 DEBUG - 90.75ms,commonrequest:sendRawTransaction:DONE
2019-06-24 00:33:51,421 DEBUG - 55.94ms,make_request:getTransactionReceipt,sendbyts:147
2019-06-24 00:33:51,422 DEBUG - 56.44ms,commonrequest:getTransactionReceipt:DONE
2019-06-24 00:33:52,453 DEBUG - 30.10ms,make_request:getTransactionReceipt,sendbyts:147
2019-06-24 00:33:52,453 DEBUG - 30.60ms,commonrequest:getTransactionReceipt:DONE
2019-06-24 00:33:52,453 INFO - 1237.86ms,sendRawTransactionGetReceipt,DONE
2019-06-24 00:35:59,395 DEBUG - 41.94ms,make_request:getBlockNumber,sendbyts:70
2019-06-24 00:35:59,395 DEBUG - 42.44ms,commonrequest:getBlockNumber:DONE
2019-06-24 00:35:59,433 DEBUG - 18.20ms,make_request:sendRawTransaction,sendbyts:6802
2019-06-24 00:35:59,433 DEBUG - 18.20ms,commonrequest:sendRawTransaction:DONE
2019-06-24 00:35:59,447 DEBUG - 13.55ms,make_request:getTransactionReceipt,sendbyts:147
2019-06-24 00:35:59,448 DEBUG - 14.55ms,commonrequest:getTransactionReceipt:DONE
2019-06-24 00:36:00,473 DEBUG - 24.15ms,make_request:getTransactionReceipt,sendbyts:147
2019-06-24 00:36:00,474 DEBUG - 25.16ms,commonrequest:getTransactionReceipt:DONE
2019-06-24 00:36:00,474 DEBUG - 1122.22ms,sendRawTransactionGetReceipt,DONE
2019-06-24 00:36:00,560 DEBUG - 16.54ms,make_request:getBlockNumber,sendbyts:70
2019-06-24 00:36:00,560 DEBUG - 17.05ms,commonrequest:getBlockNumber:DONE
2019-06-24 00:36:00,580 DEBUG - 19.05ms,make_request:getBlockNumber,sendbyts:70
2019-06-24 00:36:00,580 DEBUG - 19.55ms,commonrequest:getBlockNumber:DONE
2019-06-24 00:36:00,595 DEBUG - 14.54ms,make_request:getBlockNumber,sendbyts:70
2019-06-24 00:36:00,595 DEBUG - 14.54ms,commonrequest:getBlockNumber:DONE
2019-06-24 00:36:00,609 DEBUG - 14.04ms,make_request:getBlockNumber,sendbyts:70
2019-06-24 00:36:00,609 DEBUG - 14.54ms,commonrequest:getBlockNumber:DONE
2019-06-24 00:36:00,624 DEBUG - 14.54ms,make_request:getBlockNumber,sendbyts:70
2019-06-24 00:36:00,624 DEBUG - 14.54ms,commonrequest:getBlockNumber:DONE
2019-06-24 00:36:00,660 DEBUG - 16.04ms,make_request:sendRawTransaction,sendbyts:638
2019-06-24 00:36:00,661 DEBUG - 16.54ms,commonrequest:sendRawTransaction:DONE
2019-06-24 00:36:00,677 DEBUG - 16.24ms,make_request:getTransactionReceipt,sendbyts:148
2019-06-24 00:36:00,678 DEBUG - 16.74ms,commonrequest:getTransactionReceipt:DONE
2019-06-24 00:36:00,678 DEBUG - 139.06ms,sendRawTransactionGetReceipt,DONE
2019-06-24 00:36:00,702 DEBUG - 21.62ms,make_request:getTransactionByHash,sendbyts:147
2019-06-24 00:36:00,702 DEBUG - 21.62ms,commonrequest:getTransactionByHash:DONE
2019-06-24 00:36:00,728 DEBUG - 24.24ms,make_request:call,sendbyts:203
2019-06-24 00:36:00,728 DEBUG - 24.74ms,commonrequest:call:DONE
2019-06-24 00:36:00,747 DEBUG - 17.53ms,make_request:call,sendbyts:267
2019-06-24 00:36:00,747 DEBUG - 17.53ms,commonrequest:call:DONE
2019-06-24 00:36:00,763 DEBUG - 14.54ms,make_request:call,sendbyts:203
2019-06-24 00:36:00,763 DEBUG - 15.54ms,commonrequest:call:DONE
2019-06-24 00:36:00,785 DEBUG - 21.25ms,make_request:call,sendbyts:203
2019-06-24 00:36:00,785 DEBUG - 21.75ms,commonrequest:call:DONE
2019-06-24 00:36:21,351 DEBUG - 40.74ms,make_request:getSystemConfigByKey,sendbyts:94
2019-06-24 00:36:21,352 DEBUG - 41.26ms,commonrequest:getSystemConfigByKey:DONE
2019-06-24 00:36:26,390 DEBUG - 36.60ms,make_request:getBlockByNumber,sendbyts:89
2019-06-24 00:36:26,391 DEBUG - 37.60ms,commonrequest:getBlockByNumber:ERROR 40004:BlockNumber does not exist
2019-06-24 00:36:36,862 DEBUG - 41.47ms,make_request:getBlockByNumber,sendbyts:87
2019-06-24 00:36:36,863 DEBUG - 42.51ms,commonrequest:getBlockByNumber:DONE
2019-06-24 00:36:44,507 DEBUG - 34.20ms,make_request:getBlockByNumber,sendbyts:87
2019-06-24 00:36:44,508 DEBUG - 34.71ms,commonrequest:getBlockByNumber:DONE
2019-06-24 00:36:51,649 DEBUG - 33.59ms,make_request:getSystemConfigByKey,sendbyts:94
2019-06-24 00:36:51,650 DEBUG - 34.09ms,commonrequest:getSystemConfigByKey:DONE
2019-06-24 00:37:32,195 DEBUG - 32.42ms,make_request:getTransactionReceipt,sendbyts:147
2019-06-24 00:37:32,196 DEBUG - 32.92ms,commonrequest:getTransactionReceipt:DONE
2019-06-24 00:37:32,223 DEBUG - 13.94ms,make_request:getTransactionByHash,sendbyts:146
2019-06-24 00:37:32,224 DEBUG - 14.92ms,commonrequest:getTransactionByHash:DONE
2019-06-24 00:37:43,454 DEBUG - 36.07ms,make_request:getBlockNumber,sendbyts:70
2019-06-24 00:37:43,454 DEBUG - 36.57ms,commonrequest:getBlockNumber:DONE
2019-06-24 00:37:43,490 DEBUG - 15.53ms,make_request:sendRawTransaction,sendbyts:6804
2019-06-24 00:37:43,491 DEBUG - 16.02ms,commonrequest:sendRawTransaction:DONE
2019-06-24 00:37:43,507 DEBUG - 16.27ms,make_request:getTransactionReceipt,sendbyts:147
2019-06-24 00:37:43,507 DEBUG - 16.77ms,commonrequest:getTransactionReceipt:DONE
2019-06-24 00:37:44,534 DEBUG - 25.57ms,make_request:getTransactionReceipt,sendbyts:147
2019-06-24 00:37:44,534 DEBUG - 26.07ms,commonrequest:getTransactionReceipt:DONE
2019-06-24 00:37:44,534 DEBUG - 1116.87ms,sendRawTransactionGetReceipt,DONE
2019-06-24 00:38:06,659 DEBUG - 36.07ms,make_request:getBlockNumber,sendbyts:70
2019-06-24 00:38:06,660 DEBUG - 36.57ms,commonrequest:getBlockNumber:DONE
2019-06-24 00:38:06,694 DEBUG - 14.32ms,make_request:sendRawTransaction,sendbyts:638
2019-06-24 00:38:06,695 DEBUG - 14.82ms,commonrequest:sendRawTransaction:DONE
2019-06-24 00:38:06,713 DEBUG - 18.37ms,make_request:getTransactionReceipt,sendbyts:147
2019-06-24 00:38:06,713 DEBUG - 18.87ms,commonrequest:getTransactionReceipt:DONE
2019-06-24 00:38:06,713 DEBUG - 92.85ms,sendRawTransactionGetReceipt,DONE
2019-06-24 00:38:06,733 DEBUG - 14.21ms,make_request:getTransactionByHash,sendbyts:146
2019-06-24 00:38:06,733 DEBUG - 14.21ms,commonrequest:getTransactionByHash:DONE
2019-06-24 00:38:18,782 DEBUG - 33.97ms,make_request:call,sendbyts:202
2019-06-24 00:38:18,783 DEBUG - 34.47ms,commonrequest:call:DONE
2019-06-24 00:38:29,576 DEBUG - 37.06ms,make_request:call,sendbyts:266
2019-06-24 00:38:29,577 DEBUG - 38.06ms,commonrequest:call:DONE
2019-06-24 00:38:52,817 DEBUG - 35.39ms,make_request:getBlockNumber,sendbyts:70
2019-06-24 00:38:52,817 DEBUG - 35.89ms,commonrequest:getBlockNumber:DONE
2019-06-24 00:38:52,862 DEBUG - 17.05ms,make_request:sendRawTransaction,sendbyts:6804
2019-06-24 00:38:52,862 DEBUG - 17.55ms,commonrequest:sendRawTransaction:DONE
2019-06-24 00:38:52,882 DEBUG - 20.05ms,make_request:getTransactionReceipt,sendbyts:147
2019-06-24 00:38:52,883 DEBUG - 20.55ms,commonrequest:getTransactionReceipt:DONE
2019-06-24 00:38:53,908 DEBUG - 24.85ms,make_request:getTransactionReceipt,sendbyts:147
2019-06-24 00:38:53,909 DEBUG - 25.35ms,commonrequest:getTransactionReceipt:DONE
2019-06-24 00:38:53,909 DEBUG - 1128.64ms,sendRawTransactionGetReceipt,DONE
2019-06-24 00:38:53,975 DEBUG - 16.54ms,make_request:getBlockNumber,sendbyts:70
2019-06-24 00:38:53,975 DEBUG - 16.54ms,commonrequest:getBlockNumber:DONE
2019-06-24 00:38:53,990 DEBUG - 14.54ms,make_request:getBlockNumber,sendbyts:70
2019-06-24 00:38:53,990 DEBUG - 15.04ms,commonrequest:getBlockNumber:DONE
2019-06-24 00:38:54,009 DEBUG - 18.55ms,make_request:getBlockNumber,sendbyts:70
2019-06-24 00:38:54,010 DEBUG - 19.55ms,commonrequest:getBlockNumber:DONE
2019-06-24 00:38:54,025 DEBUG - 15.07ms,make_request:getBlockNumber,sendbyts:70
2019-06-24 00:38:54,025 DEBUG - 15.58ms,commonrequest:getBlockNumber:DONE
2019-06-24 00:38:54,041 DEBUG - 15.28ms,make_request:getBlockNumber,sendbyts:70
2019-06-24 00:38:54,041 DEBUG - 15.28ms,commonrequest:getBlockNumber:DONE
2019-06-24 00:38:54,074 DEBUG - 14.21ms,make_request:sendRawTransaction,sendbyts:638
2019-06-24 00:38:54,074 DEBUG - 14.21ms,commonrequest:sendRawTransaction:DONE
2019-06-24 00:38:54,087 DEBUG - 13.06ms,make_request:getTransactionReceipt,sendbyts:148
2019-06-24 00:38:54,087 DEBUG - 13.57ms,commonrequest:getTransactionReceipt:DONE
2019-06-24 00:38:55,103 DEBUG - 15.51ms,make_request:getTransactionReceipt,sendbyts:148
2019-06-24 00:38:55,104 DEBUG - 16.01ms,commonrequest:getTransactionReceipt:DONE
2019-06-24 00:38:55,104 DEBUG - 1149.62ms,sendRawTransactionGetReceipt,DONE
2019-06-24 00:38:55,129 DEBUG - 17.55ms,make_request:getTransactionByHash,sendbyts:147
2019-06-24 00:38:55,129 DEBUG - 18.05ms,commonrequest:getTransactionByHash:DONE
2019-06-24 00:38:55,147 DEBUG - 13.49ms,make_request:call,sendbyts:203
2019-06-24 00:38:55,147 DEBUG - 14.00ms,commonrequest:call:DONE
2019-06-24 00:38:55,162 DEBUG - 14.26ms,make_request:call,sendbyts:267
2019-06-24 00:38:55,162 DEBUG - 14.26ms,commonrequest:call:DONE
2019-06-24 00:38:55,179 DEBUG - 15.06ms,make_request:call,sendbyts:203
2019-06-24 00:38:55,179 DEBUG - 15.56ms,commonrequest:call:DONE
2019-06-24 00:38:55,195 DEBUG - 14.17ms,make_request:call,sendbyts:203
2019-06-24 00:38:55,195 DEBUG - 14.65ms,commonrequest:call:DONE
2019-06-24 00:41:59,110 DEBUG - 32.414ms,make_request:getBlockNumber,sendbyts:70
2019-06-24 00:41:59,110 DEBUG - 32.915ms,commonrequest:getBlockNumber:DONE
2019-06-24 00:41:59,233 DEBUG - 102.852ms,make_request:sendRawTransaction,sendbyts:6804
2019-06-24 00:41:59,234 DEBUG - 103.854ms,commonrequest:sendRawTransaction:DONE
2019-06-24 00:41:59,262 DEBUG - 27.599ms,make_request:getTransactionReceipt,sendbyts:147
2019-06-24 00:41:59,263 DEBUG - 28.100ms,commonrequest:getTransactionReceipt:DONE
2019-06-24 00:41:59,263 DEBUG - 185.987ms,sendRawTransactionGetReceipt,DONE
2019-06-24 00:41:59,328 DEBUG - 19.600ms,make_request:getBlockNumber,sendbyts:70
2019-06-24 00:41:59,329 DEBUG - 20.100ms,commonrequest:getBlockNumber:DONE
2019-06-24 00:41:59,341 DEBUG - 12.833ms,make_request:getBlockNumber,sendbyts:70
2019-06-24 00:41:59,342 DEBUG - 13.335ms,commonrequest:getBlockNumber:DONE
2019-06-24 00:41:59,372 DEBUG - 29.777ms,make_request:getBlockNumber,sendbyts:70
2019-06-24 00:41:59,372 DEBUG - 29.777ms,commonrequest:getBlockNumber:DONE
2019-06-24 00:41:59,386 DEBUG - 13.606ms,make_request:getBlockNumber,sendbyts:70
2019-06-24 00:41:59,386 DEBUG - 13.606ms,commonrequest:getBlockNumber:DONE
2019-06-24 00:41:59,400 DEBUG - 14.297ms,make_request:getBlockNumber,sendbyts:70
2019-06-24 00:41:59,401 DEBUG - 14.826ms,commonrequest:getBlockNumber:DONE
2019-06-24 00:41:59,436 DEBUG - 13.801ms,make_request:sendRawTransaction,sendbyts:638
2019-06-24 00:41:59,436 DEBUG - 14.304ms,commonrequest:sendRawTransaction:DONE
2019-06-24 00:41:59,456 DEBUG - 19.225ms,make_request:getTransactionReceipt,sendbyts:147
2019-06-24 00:41:59,456 DEBUG - 19.726ms,commonrequest:getTransactionReceipt:DONE
2019-06-24 00:42:00,482 DEBUG - 24.607ms,make_request:getTransactionReceipt,sendbyts:148
2019-06-24 00:42:00,483 DEBUG - 25.645ms,commonrequest:getTransactionReceipt:DONE
2019-06-24 00:42:00,483 DEBUG - 1177.916ms,sendRawTransactionGetReceipt,DONE
2019-06-24 00:42:00,528 DEBUG - 24.565ms,make_request:getTransactionByHash,sendbyts:147
2019-06-24 00:42:00,528 DEBUG - 24.565ms,commonrequest:getTransactionByHash:DONE
2019-06-24 00:42:00,547 DEBUG - 13.534ms,make_request:call,sendbyts:203
2019-06-24 00:42:00,547 DEBUG - 14.538ms,commonrequest:call:DONE
2019-06-24 00:42:00,574 DEBUG - 25.068ms,make_request:call,sendbyts:267
2019-06-24 00:42:00,574 DEBUG - 25.568ms,commonrequest:call:DONE
2019-06-24 00:42:00,664 DEBUG - 88.034ms,make_request:call,sendbyts:203
2019-06-24 00:42:00,664 DEBUG - 88.034ms,commonrequest:call:DONE
2019-06-24 00:42:00,697 DEBUG - 32.061ms,make_request:call,sendbyts:203
2019-06-24 00:42:00,698 DEBUG - 32.562ms,commonrequest:call:DONE
2019-06-24 00:43:04,161 DEBUG - 33.694ms,make_request:getBlockNumber,sendbyts:70
2019-06-24 00:43:04,161 DEBUG - 34.198ms,commonrequest:getBlockNumber:DONE
2019-06-24 00:43:04,201 DEBUG - 19.294ms,make_request:sendRawTransaction,sendbyts:6804
2019-06-24 00:43:04,201 DEBUG - 19.794ms,commonrequest:sendRawTransaction:DONE
2019-06-24 00:43:04,216 DEBUG - 14.873ms,make_request:getTransactionReceipt,sendbyts:147
2019-06-24 00:43:04,217 DEBUG - 15.376ms,commonrequest:getTransactionReceipt:DONE
2019-06-24 00:43:05,244 DEBUG - 26.840ms,make_request:getTransactionReceipt,sendbyts:147
2019-06-24 00:43:05,245 DEBUG - 27.806ms,commonrequest:getTransactionReceipt:DONE
2019-06-24 00:43:05,245 DEBUG - 1118.178ms,sendRawTransactionGetReceipt,DONE
2019-06-24 00:46:12,338 DEBUG - 36.132ms,make_request:getBlockNumber,sendbyts:70
2019-06-24 00:46:12,339 DEBUG - 36.633ms,commonrequest:getBlockNumber:DONE
2019-06-24 00:46:12,380 DEBUG - 19.053ms,make_request:sendRawTransaction,sendbyts:6804
2019-06-24 00:46:12,380 DEBUG - 19.553ms,commonrequest:sendRawTransaction:DONE
2019-06-24 00:46:12,394 DEBUG - 14.153ms,make_request:getTransactionReceipt,sendbyts:147
2019-06-24 00:46:12,395 DEBUG - 14.654ms,commonrequest:getTransactionReceipt:DONE
2019-06-24 00:46:13,419 DEBUG - 22.588ms,make_request:getTransactionReceipt,sendbyts:147
2019-06-24 00:46:13,420 DEBUG - 24.061ms,commonrequest:getTransactionReceipt:DONE
2019-06-24 00:46:13,420 DEBUG - 1118.846ms,sendRawTransactionGetReceipt,DONE
2019-06-24 00:46:36,586 DEBUG - 35.764ms,make_request:getBlockNumber,sendbyts:70
2019-06-24 00:46:36,586 DEBUG - 36.265ms,commonrequest:getBlockNumber:DONE
2019-06-24 00:46:36,658 DEBUG - 50.606ms,make_request:sendRawTransaction,sendbyts:6802
2019-06-24 00:46:36,658 DEBUG - 51.107ms,commonrequest:sendRawTransaction:DONE
2019-06-24 00:46:36,686 DEBUG - 28.236ms,make_request:getTransactionReceipt,sendbyts:147
2019-06-24 00:46:36,687 DEBUG - 28.755ms,commonrequest:getTransactionReceipt:DONE
2019-06-24 00:46:36,687 DEBUG - 137.214ms,sendRawTransactionGetReceipt,DONE
2019-06-24 00:46:48,452 DEBUG - 31.954ms,make_request:getBlockNumber,sendbyts:70
2019-06-24 00:46:48,452 DEBUG - 32.456ms,commonrequest:getBlockNumber:DONE
2019-06-24 00:46:48,572 DEBUG - 100.034ms,make_request:sendRawTransaction,sendbyts:6804
2019-06-24 00:46:48,573 DEBUG - 100.536ms,commonrequest:sendRawTransaction:DONE
2019-06-24 00:46:48,602 DEBUG - 29.266ms,make_request:getTransactionReceipt,sendbyts:147
2019-06-24 00:46:48,603 DEBUG - 29.767ms,commonrequest:getTransactionReceipt:DONE
2019-06-24 00:46:49,635 DEBUG - 30.579ms,make_request:getTransactionReceipt,sendbyts:147
2019-06-24 00:46:49,636 DEBUG - 31.581ms,commonrequest:getTransactionReceipt:DONE
2019-06-24 00:46:49,636 DEBUG - 1216.104ms,sendRawTransactionGetReceipt,DONE
2019-06-24 00:48:30,579 DEBUG - 36.610ms,make_request:getBlockNumber,sendbyts:70
2019-06-24 00:48:30,580 DEBUG - 37.103ms,commonrequest:getBlockNumber:DONE
2019-06-24 00:48:30,806 DEBUG - 205.840ms,make_request:sendRawTransaction,sendbyts:6804
2019-06-24 00:48:30,806 DEBUG - 206.369ms,commonrequest:sendRawTransaction:DONE
2019-06-24 00:48:30,819 DEBUG - 12.452ms,make_request:getTransactionReceipt,sendbyts:147
2019-06-24 00:48:30,819 DEBUG - 12.452ms,commonrequest:getTransactionReceipt:DONE
2019-06-24 00:48:31,842 DEBUG - 22.058ms,make_request:getTransactionReceipt,sendbyts:147
2019-06-24 00:48:31,843 DEBUG - 22.559ms,commonrequest:getTransactionReceipt:DONE
2019-06-24 00:48:31,843 DEBUG - 1302.186ms,sendRawTransactionGetReceipt,DONE
2019-06-24 00:48:31,890 DEBUG - 18.548ms,make_request:getBlockNumber,sendbyts:70
2019-06-24 00:48:31,890 DEBUG - 19.551ms,commonrequest:getBlockNumber:DONE
2019-06-24 00:48:31,906 DEBUG - 15.540ms,make_request:getBlockNumber,sendbyts:70
2019-06-24 00:48:31,906 DEBUG - 16.042ms,commonrequest:getBlockNumber:DONE
2019-06-24 00:48:31,920 DEBUG - 14.149ms,make_request:getBlockNumber,sendbyts:70
2019-06-24 00:48:31,921 DEBUG - 14.680ms,commonrequest:getBlockNumber:DONE
2019-06-24 00:48:31,935 DEBUG - 13.885ms,make_request:getBlockNumber,sendbyts:70
2019-06-24 00:48:31,935 DEBUG - 14.419ms,commonrequest:getBlockNumber:DONE
2019-06-24 00:48:31,948 DEBUG - 12.787ms,make_request:getBlockNumber,sendbyts:70
2019-06-24 00:48:31,948 DEBUG - 13.288ms,commonrequest:getBlockNumber:DONE
2019-06-24 00:48:31,983 DEBUG - 14.510ms,make_request:sendRawTransaction,sendbyts:638
2019-06-24 00:48:31,983 DEBUG - 15.010ms,commonrequest:sendRawTransaction:DONE
2019-06-24 00:48:31,999 DEBUG - 15.823ms,make_request:getTransactionReceipt,sendbyts:148
2019-06-24 00:48:31,999 DEBUG - 15.823ms,commonrequest:getTransactionReceipt:DONE
2019-06-24 00:48:31,999 DEBUG - 131.397ms,sendRawTransactionGetReceipt,DONE
2019-06-24 00:48:32,018 DEBUG - 13.315ms,make_request:getTransactionByHash,sendbyts:147
2019-06-24 00:48:32,019 DEBUG - 13.847ms,commonrequest:getTransactionByHash:DONE
2019-06-24 00:48:32,036 DEBUG - 12.930ms,make_request:call,sendbyts:203
2019-06-24 00:48:32,036 DEBUG - 13.471ms,commonrequest:call:DONE
2019-06-24 00:48:32,050 DEBUG - 12.998ms,make_request:call,sendbyts:267
2019-06-24 00:48:32,051 DEBUG - 13.490ms,commonrequest:call:DONE
2019-06-24 00:48:32,069 DEBUG - 18.121ms,make_request:call,sendbyts:203
2019-06-24 00:48:32,069 DEBUG - 18.121ms,commonrequest:call:DONE
2019-06-24 00:48:32,085 DEBUG - 14.227ms,make_request:call,sendbyts:203
2019-06-24 00:48:32,085 DEBUG - 14.227ms,commonrequest:call:DONE
2019-06-24 10:30:57,414 DEBUG - 27.772ms,make_request:getBlockNumber,sendbyts:70
2019-06-24 10:30:57,415 DEBUG - 28.259ms,commonrequest:getBlockNumber:DONE
2019-06-24 10:30:57,450 DEBUG - 14.559ms,make_request:sendRawTransaction,sendbyts:6804
2019-06-24 10:30:57,450 DEBUG - 14.559ms,commonrequest:sendRawTransaction:DONE
2019-06-24 10:30:57,463 DEBUG - 13.506ms,make_request:getTransactionReceipt,sendbyts:147
2019-06-24 10:30:57,464 DEBUG - 14.009ms,commonrequest:getTransactionReceipt:DONE
2019-06-24 10:30:58,488 DEBUG - 23.761ms,make_request:getTransactionReceipt,sendbyts:147
2019-06-24 10:30:58,489 DEBUG - 24.724ms,commonrequest:getTransactionReceipt:DONE
2019-06-24 10:30:58,490 DEBUG - 1103.238ms,sendRawTransactionGetReceipt,DONE
2019-06-24 10:31:13,795 DEBUG - 29.024ms,make_request:getBlockNumber,sendbyts:70
2019-06-24 10:31:13,795 DEBUG - 30.026ms,commonrequest:getBlockNumber:DONE
2019-06-24 10:31:13,833 DEBUG - 16.030ms,make_request:sendRawTransaction,sendbyts:6804
2019-06-24 10:31:13,833 DEBUG - 16.530ms,commonrequest:sendRawTransaction:DONE
2019-06-24 10:31:13,846 DEBUG - 12.829ms,make_request:getTransactionReceipt,sendbyts:147
2019-06-24 10:31:13,847 DEBUG - 13.363ms,commonrequest:getTransactionReceipt:DONE
2019-06-24 10:31:14,870 DEBUG - 22.592ms,make_request:getTransactionReceipt,sendbyts:147
2019-06-24 10:31:14,871 DEBUG - 23.597ms,commonrequest:getTransactionReceipt:DONE
2019-06-24 10:31:14,871 DEBUG - 1105.621ms,sendRawTransactionGetReceipt,DONE
2019-06-24 10:31:14,935 DEBUG - 12.582ms,make_request:getBlockNumber,sendbyts:70
2019-06-24 10:31:14,935 DEBUG - 13.081ms,commonrequest:getBlockNumber:DONE
2019-06-24 10:31:14,948 DEBUG - 13.348ms,make_request:getBlockNumber,sendbyts:70
2019-06-24 10:31:14,948 DEBUG - 13.348ms,commonrequest:getBlockNumber:DONE
2019-06-24 10:31:14,961 DEBUG - 12.265ms,make_request:getBlockNumber,sendbyts:70
2019-06-24 10:31:14,962 DEBUG - 12.806ms,commonrequest:getBlockNumber:DONE
2019-06-24 10:31:14,974 DEBUG - 12.370ms,make_request:getBlockNumber,sendbyts:70
2019-06-24 10:31:14,974 DEBUG - 12.370ms,commonrequest:getBlockNumber:DONE
2019-06-24 10:31:14,989 DEBUG - 14.217ms,make_request:getBlockNumber,sendbyts:70
2019-06-24 10:31:14,989 DEBUG - 14.217ms,commonrequest:getBlockNumber:DONE
2019-06-24 10:31:15,024 DEBUG - 14.940ms,make_request:sendRawTransaction,sendbyts:638
2019-06-24 10:31:15,024 DEBUG - 15.439ms,commonrequest:sendRawTransaction:DONE
2019-06-24 10:31:15,037 DEBUG - 13.360ms,make_request:getTransactionReceipt,sendbyts:148
2019-06-24 10:31:15,038 DEBUG - 13.861ms,commonrequest:getTransactionReceipt:DONE
2019-06-24 10:31:16,063 DEBUG - 24.696ms,make_request:getTransactionReceipt,sendbyts:148
2019-06-24 10:31:16,064 DEBUG - 26.200ms,commonrequest:getTransactionReceipt:DONE
2019-06-24 10:31:16,064 DEBUG - 1144.910ms,sendRawTransactionGetReceipt,DONE
2019-06-24 10:31:16,110 DEBUG - 24.227ms,make_request:getTransactionByHash,sendbyts:147
2019-06-24 10:31:16,111 DEBUG - 25.229ms,commonrequest:getTransactionByHash:DONE
2019-06-24 10:31:16,142 DEBUG - 20.298ms,make_request:call,sendbyts:203
2019-06-24 10:31:16,143 DEBUG - 20.799ms,commonrequest:call:DONE
2019-06-24 10:31:16,164 DEBUG - 18.314ms,make_request:call,sendbyts:267
2019-06-24 10:31:16,165 DEBUG - 18.816ms,commonrequest:call:DONE
2019-06-24 10:31:16,187 DEBUG - 19.850ms,make_request:call,sendbyts:203
2019-06-24 10:31:16,188 DEBUG - 20.352ms,commonrequest:call:DONE
2019-06-24 10:31:16,209 DEBUG - 18.875ms,make_request:call,sendbyts:203
2019-06-24 10:31:16,209 DEBUG - 18.875ms,commonrequest:call:DONE
2019-06-24 10:31:52,696 DEBUG - 330.378ms,make_request:getBlockNumber,sendbyts:70
2019-06-24 10:31:52,696 DEBUG - 330.879ms,commonrequest:getBlockNumber:DONE
2019-06-24 10:31:52,752 DEBUG - 33.592ms,make_request:sendRawTransaction,sendbyts:6802
2019-06-24 10:31:52,752 DEBUG - 34.093ms,commonrequest:sendRawTransaction:DONE
2019-06-24 10:31:52,767 DEBUG - 15.539ms,make_request:getTransactionReceipt,sendbyts:147
2019-06-24 10:31:52,768 DEBUG - 16.041ms,commonrequest:getTransactionReceipt:DONE
2019-06-24 10:31:53,789 DEBUG - 21.053ms,make_request:getTransactionReceipt,sendbyts:147
2019-06-24 10:31:53,790 DEBUG - 22.056ms,commonrequest:getTransactionReceipt:DONE
2019-06-24 10:31:53,790 DEBUG - 1425.691ms,sendRawTransactionGetReceipt,DONE
2019-06-24 10:31:53,861 DEBUG - 20.553ms,make_request:getBlockNumber,sendbyts:70
2019-06-24 10:31:53,861 DEBUG - 20.553ms,commonrequest:getBlockNumber:DONE
2019-06-24 10:31:53,876 DEBUG - 15.042ms,make_request:getBlockNumber,sendbyts:70
2019-06-24 10:31:53,876 DEBUG - 15.042ms,commonrequest:getBlockNumber:DONE
2019-06-24 10:31:53,891 DEBUG - 15.039ms,make_request:getBlockNumber,sendbyts:70
2019-06-24 10:31:53,891 DEBUG - 15.039ms,commonrequest:getBlockNumber:DONE
2019-06-24 10:31:53,905 DEBUG - 13.537ms,make_request:getBlockNumber,sendbyts:70
2019-06-24 10:31:53,906 DEBUG - 14.039ms,commonrequest:getBlockNumber:DONE
2019-06-24 10:31:53,919 DEBUG - 13.534ms,make_request:getBlockNumber,sendbyts:70
2019-06-24 10:31:53,919 DEBUG - 13.534ms,commonrequest:getBlockNumber:DONE
2019-06-24 10:31:53,952 DEBUG - 13.901ms,make_request:sendRawTransaction,sendbyts:638
2019-06-24 10:31:53,953 DEBUG - 14.400ms,commonrequest:sendRawTransaction:DONE
2019-06-24 10:31:53,965 DEBUG - 12.866ms,make_request:getTransactionReceipt,sendbyts:148
2019-06-24 10:31:53,966 DEBUG - 13.375ms,commonrequest:getTransactionReceipt:DONE
2019-06-24 10:31:54,991 DEBUG - 24.220ms,make_request:getTransactionReceipt,sendbyts:148
2019-06-24 10:31:54,992 DEBUG - 25.219ms,commonrequest:getTransactionReceipt:DONE
2019-06-24 10:31:54,992 DEBUG - 1155.769ms,sendRawTransactionGetReceipt,DONE
2019-06-24 10:31:55,035 DEBUG - 23.953ms,make_request:getTransactionByHash,sendbyts:147
2019-06-24 10:31:55,035 DEBUG - 24.454ms,commonrequest:getTransactionByHash:DONE
2019-06-24 10:31:55,058 DEBUG - 16.569ms,make_request:call,sendbyts:203
2019-06-24 10:31:55,059 DEBUG - 17.098ms,commonrequest:call:DONE
2019-06-24 10:31:55,074 DEBUG - 13.416ms,make_request:call,sendbyts:267
2019-06-24 10:31:55,074 DEBUG - 13.916ms,commonrequest:call:DONE
2019-06-24 10:31:55,091 DEBUG - 16.147ms,make_request:call,sendbyts:203
2019-06-24 10:31:55,091 DEBUG - 16.649ms,commonrequest:call:DONE
2019-06-24 10:31:55,116 DEBUG - 23.947ms,make_request:call,sendbyts:203
2019-06-24 10:31:55,116 DEBUG - 23.947ms,commonrequest:call:DONE
2019-06-24 10:32:12,600 DEBUG - 30.720ms,make_request:getBlockByNumber,sendbyts:87
2019-06-24 10:32:12,600 DEBUG - 31.221ms,commonrequest:getBlockByNumber:DONE
2019-06-24 10:49:23,523 DEBUG - 28.135ms,make_request:getBlockNumber,sendbyts:70
2019-06-24 10:49:23,523 DEBUG - 28.636ms,commonrequest:getBlockNumber:DONE
2019-06-24 10:49:23,558 DEBUG - 13.636ms,make_request:sendRawTransaction,sendbyts:6804
2019-06-24 10:49:23,559 DEBUG - 14.136ms,commonrequest:sendRawTransaction:DONE
2019-06-24 10:49:23,576 DEBUG - 16.925ms,make_request:getTransactionReceipt,sendbyts:147
2019-06-24 10:49:23,576 DEBUG - 17.426ms,commonrequest:getTransactionReceipt:DONE
2019-06-24 10:49:23,576 DEBUG - 81.783ms,sendRawTransactionGetReceipt,DONE
2019-06-24 10:49:23,612 DEBUG - 13.709ms,make_request:getBlockNumber,sendbyts:70
2019-06-24 10:49:23,612 DEBUG - 13.709ms,commonrequest:getBlockNumber:DONE
2019-06-24 10:49:23,625 DEBUG - 12.181ms,make_request:getBlockNumber,sendbyts:70
2019-06-24 10:49:23,626 DEBUG - 12.682ms,commonrequest:getBlockNumber:DONE
2019-06-24 10:49:23,637 DEBUG - 11.528ms,make_request:getBlockNumber,sendbyts:70
2019-06-24 10:49:23,638 DEBUG - 12.028ms,commonrequest:getBlockNumber:DONE
2019-06-24 10:49:23,651 DEBUG - 12.694ms,make_request:getBlockNumber,sendbyts:70
2019-06-24 10:49:23,651 DEBUG - 13.195ms,commonrequest:getBlockNumber:DONE
2019-06-24 10:49:23,664 DEBUG - 12.644ms,make_request:getBlockNumber,sendbyts:70
2019-06-24 10:49:23,664 DEBUG - 13.144ms,commonrequest:getBlockNumber:DONE
2019-06-24 10:49:23,697 DEBUG - 12.032ms,make_request:sendRawTransaction,sendbyts:638
2019-06-24 10:49:23,697 DEBUG - 13.034ms,commonrequest:sendRawTransaction:DONE
2019-06-24 10:49:23,709 DEBUG - 12.032ms,make_request:getTransactionReceipt,sendbyts:147
2019-06-24 10:49:23,710 DEBUG - 12.560ms,commonrequest:getTransactionReceipt:DONE
2019-06-24 10:49:24,729 DEBUG - 18.877ms,make_request:getTransactionReceipt,sendbyts:148
2019-06-24 10:49:24,729 DEBUG - 19.393ms,commonrequest:getTransactionReceipt:DONE
2019-06-24 10:49:24,729 DEBUG - 1133.772ms,sendRawTransactionGetReceipt,DONE
2019-06-24 10:49:24,747 DEBUG - 11.853ms,make_request:getTransactionByHash,sendbyts:147
2019-06-24 10:49:24,747 DEBUG - 12.354ms,commonrequest:getTransactionByHash:DONE
2019-06-24 10:49:24,765 DEBUG - 13.537ms,make_request:call,sendbyts:203
2019-06-24 10:49:24,765 DEBUG - 14.038ms,commonrequest:call:DONE
2019-06-24 10:49:24,780 DEBUG - 13.536ms,make_request:call,sendbyts:267
2019-06-24 10:49:24,780 DEBUG - 14.037ms,commonrequest:call:DONE
2019-06-24 10:49:24,795 DEBUG - 14.036ms,make_request:call,sendbyts:203
2019-06-24 10:49:24,796 DEBUG - 14.540ms,commonrequest:call:DONE
2019-06-24 10:49:24,810 DEBUG - 13.480ms,make_request:call,sendbyts:203
2019-06-24 10:49:24,811 DEBUG - 13.983ms,commonrequest:call:DONE
2019-06-24 17:57:02,845 DEBUG - 37.101ms,make_request:getBlockByNumber,sendbyts:87
2019-06-24 17:57:02,846 DEBUG - 38.101ms,commonrequest:getBlockByNumber:DONE
2019-06-24 17:57:57,152 DEBUG - 37.822ms,make_request:getBlockByNumber,sendbyts:87
2019-06-24 17:57:57,153 DEBUG - 38.324ms,commonrequest:getBlockByNumber:DONE
2019-06-24 17:58:29,834 DEBUG - 146.615ms,make_request:getBlockByNumber,sendbyts:87
2019-06-24 17:58:29,836 DEBUG - 148.620ms,commonrequest:getBlockByNumber:DONE
2019-06-24 17:58:50,165 DEBUG - 35.594ms,make_request:getBlockByNumber,sendbyts:86
2019-06-24 17:58:50,166 DEBUG - 37.098ms,commonrequest:getBlockByNumber:DONE
2019-06-24 18:16:39,402 DEBUG - 37.673ms,make_request:getBlockNumber,sendbyts:70
2019-06-24 18:16:39,402 DEBUG - 38.168ms,commonrequest:getBlockNumber:DONE
2019-06-24 18:18:00,526 DEBUG - 35.342ms,make_request:getBlockNumber,sendbyts:70
2019-06-24 18:18:00,526 DEBUG - 35.844ms,commonrequest:getBlockNumber:DONE
2019-06-24 18:19:01,022 DEBUG - 36.441ms,make_request:getBlockByNumber,sendbyts:86
2019-06-24 18:19:01,023 DEBUG - 37.449ms,commonrequest:getBlockByNumber:DONE
2019-06-25 12:33:05,224 DEBUG - 45.119ms,make_request:getBlockByNumber,sendbyts:85
2019-06-25 12:33:05,225 DEBUG - 46.124ms,commonrequest:getBlockByNumber:DONE
2019-06-25 12:33:55,479 DEBUG - 101.899ms,make_request:getTransactionByBlockNumberAndIndex,sendbyts:105
2019-06-25 12:33:55,479 DEBUG - 102.902ms,commonrequest:getTransactionByBlockNumberAndIndex:DONE
2019-06-25 12:35:18,384 DEBUG - 32.644ms,make_request:getTransactionByBlockNumberAndIndex,sendbyts:105
2019-06-25 12:35:18,385 DEBUG - 33.116ms,commonrequest:getTransactionByBlockNumberAndIndex:DONE
2019-06-25 12:35:44,840 DEBUG - 34.147ms,make_request:getBlockNumber,sendbyts:70
2019-06-25 12:35:44,841 DEBUG - 34.649ms,commonrequest:getBlockNumber:DONE
2019-06-25 12:35:44,884 DEBUG - 18.885ms,make_request:sendRawTransaction,sendbyts:6804
2019-06-25 12:35:44,884 DEBUG - 19.386ms,commonrequest:sendRawTransaction:DONE
2019-06-25 12:35:44,920 DEBUG - 35.529ms,make_request:getTransactionReceipt,sendbyts:147
2019-06-25 12:35:44,920 DEBUG - 36.031ms,commonrequest:getTransactionReceipt:DONE
2019-06-25 12:35:45,940 DEBUG - 18.972ms,make_request:getTransactionReceipt,sendbyts:147
2019-06-25 12:35:45,940 DEBUG - 19.474ms,commonrequest:getTransactionReceipt:DONE
2019-06-25 12:35:45,940 DEBUG - 1134.205ms,sendRawTransactionGetReceipt,DONE
2019-06-25 12:36:00,927 DEBUG - 35.624ms,make_request:getBlockNumber,sendbyts:70
2019-06-25 12:36:00,928 DEBUG - 36.125ms,commonrequest:getBlockNumber:DONE
2019-06-25 12:36:00,968 DEBUG - 19.643ms,make_request:sendRawTransaction,sendbyts:638
2019-06-25 12:36:00,969 DEBUG - 20.646ms,commonrequest:sendRawTransaction:DONE
2019-06-25 12:36:00,992 DEBUG - 22.058ms,make_request:getTransactionReceipt,sendbyts:147
2019-06-25 12:36:00,992 DEBUG - 22.558ms,commonrequest:getTransactionReceipt:DONE
2019-06-25 12:36:02,014 DEBUG - 21.247ms,make_request:getTransactionReceipt,sendbyts:147
2019-06-25 12:36:02,015 DEBUG - 21.749ms,commonrequest:getTransactionReceipt:DONE
2019-06-25 12:36:02,015 DEBUG - 1126.784ms,sendRawTransactionGetReceipt,DONE
2019-06-25 12:36:02,046 DEBUG - 19.684ms,make_request:getTransactionByHash,sendbyts:146
2019-06-25 12:36:02,046 DEBUG - 20.184ms,commonrequest:getTransactionByHash:DONE
2019-06-25 12:36:12,225 DEBUG - 31.583ms,make_request:call,sendbyts:202
2019-06-25 12:36:12,226 DEBUG - 32.084ms,commonrequest:call:DONE
2019-06-25 12:36:22,705 DEBUG - 34.764ms,make_request:call,sendbyts:266
2019-06-25 12:36:22,706 DEBUG - 35.765ms,commonrequest:call:DONE
2019-06-25 12:36:32,523 DEBUG - 33.630ms,make_request:getBlockByNumber,sendbyts:86
2019-06-25 12:36:32,523 DEBUG - 34.637ms,commonrequest:getBlockByNumber:DONE
2019-06-25 12:36:49,735 DEBUG - 36.596ms,make_request:getBlockByHash,sendbyts:146
2019-06-25 12:36:49,736 DEBUG - 37.600ms,commonrequest:getBlockByHash:DONE
2019-06-25 12:42:14,192 DEBUG - 35.594ms,make_request:getBlockByHash,sendbyts:147
2019-06-25 12:42:14,193 DEBUG - 36.598ms,commonrequest:getBlockByHash:DONE
2019-06-25 12:43:52,316 DEBUG - 34.511ms,make_request:getBlockByHash,sendbyts:147
2019-06-25 12:43:52,317 DEBUG - 35.014ms,commonrequest:getBlockByHash:DONE
2019-06-25 12:44:21,502 DEBUG - 31.379ms,make_request:getBlockByHash,sendbyts:147
2019-06-25 12:44:21,504 DEBUG - 32.883ms,commonrequest:getBlockByHash:DONE
2019-06-25 12:44:38,794 DEBUG - 33.090ms,make_request:getBlockByNumber,sendbyts:86
2019-06-25 12:44:38,794 DEBUG - 33.592ms,commonrequest:getBlockByNumber:DONE
2019-06-25 12:45:27,249 DEBUG - 35.593ms,make_request:getBlockByNumber,sendbyts:86
2019-06-25 12:45:27,250 DEBUG - 36.094ms,commonrequest:getBlockByNumber:DONE
2019-06-25 12:45:41,664 DEBUG - 38.152ms,make_request:getBlockByNumber,sendbyts:86
2019-06-25 12:45:41,666 DEBUG - 39.657ms,commonrequest:getBlockByNumber:DONE
2019-06-25 12:45:49,965 DEBUG - 32.619ms,make_request:getBlockByNumber,sendbyts:85
2019-06-25 12:45:49,966 DEBUG - 33.153ms,commonrequest:getBlockByNumber:DONE
2019-06-25 12:59:16,587 DEBUG - 29.640ms,make_request:getBlockNumber,sendbyts:70
2019-06-25 12:59:16,588 DEBUG - 30.141ms,commonrequest:getBlockNumber:DONE
2019-06-25 12:59:48,003 DEBUG - 42.774ms,make_request:getBlockNumber,sendbyts:70
2019-06-25 12:59:48,003 DEBUG - 43.275ms,commonrequest:getBlockNumber:DONE
2019-06-25 13:28:07,745 DEBUG - 31.585ms,make_request:getBlockNumber,sendbyts:70
2019-06-25 13:28:07,746 DEBUG - 32.087ms,commonrequest:getBlockNumber:DONE
2019-06-25 13:29:50,688 DEBUG - 33.426ms,make_request:getBlockByNumber,sendbyts:86
2019-06-25 13:29:50,690 DEBUG - 34.930ms,commonrequest:getBlockByNumber:DONE
2019-06-25 13:33:55,767 DEBUG - 168.855ms,make_request:getTransactionByBlockNumberAndIndex,sendbyts:105
2019-06-25 13:33:55,767 DEBUG - 169.307ms,commonrequest:getTransactionByBlockNumberAndIndex:ERROR 40005:TransactionIndex is out of range
2019-06-25 13:34:03,716 DEBUG - 35.595ms,make_request:getTransactionByBlockNumberAndIndex,sendbyts:105
2019-06-25 13:34:03,716 DEBUG - 36.131ms,commonrequest:getTransactionByBlockNumberAndIndex:DONE
2019-06-25 13:34:22,778 DEBUG - 32.338ms,make_request:getBlockByNumber,sendbyts:86
2019-06-25 13:34:22,779 DEBUG - 33.341ms,commonrequest:getBlockByNumber:DONE
2019-06-25 13:34:33,664 DEBUG - 33.088ms,make_request:getBlockNumber,sendbyts:70
2019-06-25 13:34:33,665 DEBUG - 34.093ms,commonrequest:getBlockNumber:DONE
2019-06-25 13:34:41,949 DEBUG - 33.588ms,make_request:getPeers,sendbyts:64
2019-06-25 13:34:41,950 DEBUG - 34.089ms,commonrequest:getPeers:DONE
2019-06-25 14:06:47,310 DEBUG - 51.291ms,make_request:getBlockByNumber,sendbyts:86
2019-06-25 14:06:47,310 DEBUG - 51.793ms,commonrequest:getBlockByNumber:DONE
2019-06-25 14:06:53,278 DEBUG - 43.113ms,make_request:getBlockByNumber,sendbyts:85
2019-06-25 14:06:53,278 DEBUG - 43.615ms,commonrequest:getBlockByNumber:DONE
2019-06-25 14:12:44,782 DEBUG - 32.878ms,make_request:getClientVersion,sendbyts:71
2019-06-25 14:12:44,782 DEBUG - 33.852ms,commonrequest:getClientVersion:DONE
2019-06-25 14:12:44,809 DEBUG - 21.455ms,make_request:getBlockNumber,sendbyts:70
2019-06-25 14:12:44,810 DEBUG - 22.456ms,commonrequest:getBlockNumber:DONE
2019-06-25 14:12:44,828 DEBUG - 15.817ms,make_request:getPeers,sendbyts:64
2019-06-25 14:12:44,829 DEBUG - 16.325ms,commonrequest:getPeers:DONE
2019-06-25 14:12:44,849 DEBUG - 17.324ms,make_request:getBlockByNumber,sendbyts:87
2019-06-25 14:12:44,849 DEBUG - 17.324ms,commonrequest:getBlockByNumber:DONE
2019-06-25 14:12:44,868 DEBUG - 15.122ms,make_request:getBlockHashByNumber,sendbyts:84
2019-06-25 14:12:44,869 DEBUG - 16.115ms,commonrequest:getBlockHashByNumber:DONE
2019-06-25 14:12:44,889 DEBUG - 17.603ms,make_request:getBlockByHash,sendbyts:147
2019-06-25 14:12:44,890 DEBUG - 19.144ms,commonrequest:getBlockByHash:DONE
2019-06-25 14:12:44,913 DEBUG - 18.028ms,make_request:getTransactionByHash,sendbyts:146
2019-06-25 14:12:44,913 DEBUG - 18.561ms,commonrequest:getTransactionByHash:DONE
2019-06-25 14:12:44,933 DEBUG - 14.756ms,make_request:getTransactionByBlockHashAndIndex,sendbyts:166
2019-06-25 14:12:44,933 DEBUG - 15.661ms,commonrequest:getTransactionByBlockHashAndIndex:DONE
2019-06-25 14:12:44,955 DEBUG - 15.318ms,make_request:getTransactionByBlockNumberAndIndex,sendbyts:106
2019-06-25 14:12:44,955 DEBUG - 15.848ms,commonrequest:getTransactionByBlockNumberAndIndex:DONE
2019-06-25 14:12:44,984 DEBUG - 21.197ms,make_request:getTransactionReceipt,sendbyts:147
2019-06-25 14:12:44,984 DEBUG - 21.699ms,commonrequest:getTransactionReceipt:DONE
2019-06-25 14:12:45,009 DEBUG - 19.052ms,make_request:getPendingTransactions,sendbyts:79
2019-06-25 14:12:45,009 DEBUG - 19.052ms,commonrequest:getPendingTransactions:DONE
2019-06-25 14:12:45,028 DEBUG - 16.312ms,make_request:getPendingTxSize,sendbyts:73
2019-06-25 14:12:45,028 DEBUG - 17.313ms,commonrequest:getPendingTxSize:DONE
2019-06-25 14:12:45,072 DEBUG - 41.139ms,make_request:getCode,sendbyts:110
2019-06-25 14:12:45,073 DEBUG - 41.641ms,commonrequest:getCode:DONE
2019-06-25 14:12:45,095 DEBUG - 16.197ms,make_request:getTotalTransactionCount,sendbyts:81
2019-06-25 14:12:45,095 DEBUG - 16.694ms,commonrequest:getTotalTransactionCount:DONE
2019-06-25 14:12:45,116 DEBUG - 17.541ms,make_request:getSystemConfigByKey,sendbyts:95
2019-06-25 14:12:45,116 DEBUG - 18.569ms,commonrequest:getSystemConfigByKey:DONE
2019-06-25 14:12:45,132 DEBUG - 14.494ms,make_request:getPbftView,sendbyts:68
2019-06-25 14:12:45,132 DEBUG - 14.494ms,commonrequest:getPbftView:DONE
2019-06-25 14:12:45,149 DEBUG - 15.042ms,make_request:getSealerList,sendbyts:70
2019-06-25 14:12:45,149 DEBUG - 15.543ms,commonrequest:getSealerList:DONE
2019-06-25 14:12:45,172 DEBUG - 19.483ms,make_request:getObserverList,sendbyts:72
2019-06-25 14:12:45,172 DEBUG - 20.021ms,commonrequest:getObserverList:DONE
2019-06-25 14:12:45,196 DEBUG - 19.782ms,make_request:getConsensusStatus,sendbyts:75
2019-06-25 14:12:45,197 DEBUG - 20.287ms,commonrequest:getConsensusStatus:DONE
2019-06-25 14:12:45,219 DEBUG - 18.048ms,make_request:getSyncStatus,sendbyts:70
2019-06-25 14:12:45,219 DEBUG - 18.585ms,commonrequest:getSyncStatus:DONE
2019-06-25 14:12:45,243 DEBUG - 19.076ms,make_request:getGroupPeers,sendbyts:70
2019-06-25 14:12:45,244 DEBUG - 20.046ms,commonrequest:getGroupPeers:DONE
2019-06-25 14:12:45,261 DEBUG - 14.571ms,make_request:getNodeIDList,sendbyts:70
2019-06-25 14:12:45,261 DEBUG - 15.076ms,commonrequest:getNodeIDList:DONE
2019-06-25 14:12:45,280 DEBUG - 16.354ms,make_request:getGroupList,sendbyts:69
2019-06-25 14:12:45,280 DEBUG - 17.354ms,commonrequest:getGroupList:DONE
2019-06-25 14:12:58,490 DEBUG - 34.560ms,make_request:getBlockNumber,sendbyts:70
2019-06-25 14:12:58,491 DEBUG - 35.063ms,commonrequest:getBlockNumber:DONE
2019-06-25 14:12:58,537 DEBUG - 18.551ms,make_request:sendRawTransaction,sendbyts:6804
2019-06-25 14:12:58,538 DEBUG - 18.551ms,commonrequest:sendRawTransaction:DONE
2019-06-25 14:12:58,553 DEBUG - 15.541ms,make_request:getTransactionReceipt,sendbyts:147
2019-06-25 14:12:58,554 DEBUG - 16.042ms,commonrequest:getTransactionReceipt:DONE
2019-06-25 14:12:59,573 DEBUG - 18.048ms,make_request:getTransactionReceipt,sendbyts:147
2019-06-25 14:12:59,573 DEBUG - 18.549ms,commonrequest:getTransactionReceipt:DONE
2019-06-25 14:12:59,573 DEBUG - 1126.469ms,sendRawTransactionGetReceipt,DONE
2019-06-25 14:12:59,619 DEBUG - 14.038ms,make_request:getBlockNumber,sendbyts:70
2019-06-25 14:12:59,620 DEBUG - 14.539ms,commonrequest:getBlockNumber:DONE
2019-06-25 14:12:59,634 DEBUG - 14.038ms,make_request:getBlockNumber,sendbyts:70
2019-06-25 14:12:59,634 DEBUG - 14.539ms,commonrequest:getBlockNumber:DONE
2019-06-25 14:12:59,647 DEBUG - 13.124ms,make_request:getBlockNumber,sendbyts:70
2019-06-25 14:12:59,648 DEBUG - 13.626ms,commonrequest:getBlockNumber:DONE
2019-06-25 14:12:59,662 DEBUG - 14.557ms,make_request:getBlockNumber,sendbyts:70
2019-06-25 14:12:59,662 DEBUG - 14.557ms,commonrequest:getBlockNumber:DONE
2019-06-25 14:12:59,676 DEBUG - 13.457ms,make_request:getBlockNumber,sendbyts:70
2019-06-25 14:12:59,677 DEBUG - 14.460ms,commonrequest:getBlockNumber:DONE
2019-06-25 14:12:59,711 DEBUG - 13.179ms,make_request:sendRawTransaction,sendbyts:638
2019-06-25 14:12:59,712 DEBUG - 13.667ms,commonrequest:sendRawTransaction:DONE
2019-06-25 14:12:59,725 DEBUG - 13.206ms,make_request:getTransactionReceipt,sendbyts:148
2019-06-25 14:12:59,725 DEBUG - 13.206ms,commonrequest:getTransactionReceipt:DONE
2019-06-25 14:13:00,741 DEBUG - 14.535ms,make_request:getTransactionReceipt,sendbyts:148
2019-06-25 14:13:00,741 DEBUG - 15.035ms,commonrequest:getTransactionReceipt:DONE
2019-06-25 14:13:00,741 DEBUG - 1140.680ms,sendRawTransactionGetReceipt,DONE
2019-06-25 14:13:00,761 DEBUG - 17.301ms,make_request:getTransactionByHash,sendbyts:147
2019-06-25 14:13:00,761 DEBUG - 18.303ms,commonrequest:getTransactionByHash:DONE
2019-06-25 14:13:00,778 DEBUG - 15.597ms,make_request:call,sendbyts:203
2019-06-25 14:13:00,778 DEBUG - 16.096ms,commonrequest:call:DONE
2019-06-25 14:13:00,794 DEBUG - 14.614ms,make_request:call,sendbyts:267
2019-06-25 14:13:00,794 DEBUG - 15.118ms,commonrequest:call:DONE
2019-06-25 14:13:00,808 DEBUG - 12.769ms,make_request:call,sendbyts:203
2019-06-25 14:13:00,808 DEBUG - 13.268ms,commonrequest:call:DONE
2019-06-25 14:13:00,825 DEBUG - 15.845ms,make_request:call,sendbyts:203
2019-06-25 14:13:00,825 DEBUG - 16.343ms,commonrequest:call:DONE
2019-06-25 14:13:13,320 DEBUG - 30.080ms,make_request:getClientVersion,sendbyts:71
2019-06-25 14:13:13,321 DEBUG - 30.080ms,commonrequest:getClientVersion:DONE
2019-06-25 14:13:13,335 DEBUG - 13.591ms,make_request:getBlockNumber,sendbyts:70
2019-06-25 14:13:13,335 DEBUG - 13.591ms,commonrequest:getBlockNumber:DONE
2019-06-25 14:13:13,351 DEBUG - 16.088ms,make_request:getPeers,sendbyts:64
2019-06-25 14:13:13,351 DEBUG - 16.088ms,commonrequest:getPeers:DONE
2019-06-25 14:13:13,367 DEBUG - 14.539ms,make_request:getBlockByNumber,sendbyts:88
2019-06-25 14:13:13,367 DEBUG - 15.040ms,commonrequest:getBlockByNumber:ERROR 40004:BlockNumber does not exist
2019-06-25 14:13:24,223 DEBUG - 44.561ms,make_request:getClientVersion,sendbyts:71
2019-06-25 14:13:24,223 DEBUG - 45.126ms,commonrequest:getClientVersion:DONE
2019-06-25 14:13:24,246 DEBUG - 19.057ms,make_request:getBlockNumber,sendbyts:70
2019-06-25 14:13:24,247 DEBUG - 19.559ms,commonrequest:getBlockNumber:DONE
2019-06-25 14:13:24,266 DEBUG - 17.221ms,make_request:getPeers,sendbyts:64
2019-06-25 14:13:24,266 DEBUG - 17.221ms,commonrequest:getPeers:DONE
2019-06-25 14:13:24,286 DEBUG - 17.498ms,make_request:getBlockByNumber,sendbyts:87
2019-06-25 14:13:24,286 DEBUG - 17.498ms,commonrequest:getBlockByNumber:DONE
2019-06-25 14:13:24,306 DEBUG - 15.717ms,make_request:getBlockHashByNumber,sendbyts:84
2019-06-25 14:13:24,306 DEBUG - 15.717ms,commonrequest:getBlockHashByNumber:DONE
2019-06-25 14:13:24,324 DEBUG - 15.661ms,make_request:getBlockByHash,sendbyts:147
2019-06-25 14:13:24,325 DEBUG - 16.663ms,commonrequest:getBlockByHash:DONE
2019-06-25 14:13:24,345 DEBUG - 17.003ms,make_request:getTransactionByHash,sendbyts:146
2019-06-25 14:13:24,345 DEBUG - 17.502ms,commonrequest:getTransactionByHash:DONE
2019-06-25 14:13:24,368 DEBUG - 18.157ms,make_request:getTransactionByBlockHashAndIndex,sendbyts:166
2019-06-25 14:13:24,369 DEBUG - 19.153ms,commonrequest:getTransactionByBlockHashAndIndex:DONE
2019-06-25 14:13:24,400 DEBUG - 25.085ms,make_request:getTransactionByBlockNumberAndIndex,sendbyts:106
2019-06-25 14:13:24,401 DEBUG - 25.587ms,commonrequest:getTransactionByBlockNumberAndIndex:DONE
2019-06-25 14:13:24,423 DEBUG - 16.662ms,make_request:getTransactionReceipt,sendbyts:147
2019-06-25 14:13:24,423 DEBUG - 17.162ms,commonrequest:getTransactionReceipt:DONE
2019-06-25 14:13:24,444 DEBUG - 17.904ms,make_request:getPendingTransactions,sendbyts:79
2019-06-25 14:13:24,444 DEBUG - 17.904ms,commonrequest:getPendingTransactions:DONE
2019-06-25 14:13:24,463 DEBUG - 17.203ms,make_request:getPendingTxSize,sendbyts:73
2019-06-25 14:13:24,463 DEBUG - 17.203ms,commonrequest:getPendingTxSize:DONE
2019-06-25 14:13:24,484 DEBUG - 18.525ms,make_request:getCode,sendbyts:110
2019-06-25 14:13:24,484 DEBUG - 18.525ms,commonrequest:getCode:DONE
2019-06-25 14:13:24,507 DEBUG - 14.538ms,make_request:getTotalTransactionCount,sendbyts:81
2019-06-25 14:13:24,507 DEBUG - 15.541ms,commonrequest:getTotalTransactionCount:DONE
2019-06-25 14:13:24,526 DEBUG - 16.544ms,make_request:getSystemConfigByKey,sendbyts:95
2019-06-25 14:13:24,527 DEBUG - 17.045ms,commonrequest:getSystemConfigByKey:DONE
2019-06-25 14:13:24,545 DEBUG - 15.540ms,make_request:getPbftView,sendbyts:68
2019-06-25 14:13:24,545 DEBUG - 16.546ms,commonrequest:getPbftView:DONE
2019-06-25 14:13:24,565 DEBUG - 18.050ms,make_request:getSealerList,sendbyts:70
2019-06-25 14:13:24,565 DEBUG - 18.050ms,commonrequest:getSealerList:DONE
2019-06-25 14:13:24,583 DEBUG - 16.043ms,make_request:getObserverList,sendbyts:72
2019-06-25 14:13:24,584 DEBUG - 16.544ms,commonrequest:getObserverList:DONE
2019-06-25 14:13:24,606 DEBUG - 19.552ms,make_request:getConsensusStatus,sendbyts:75
2019-06-25 14:13:24,607 DEBUG - 20.555ms,commonrequest:getConsensusStatus:DONE
2019-06-25 14:13:24,627 DEBUG - 16.545ms,make_request:getSyncStatus,sendbyts:70
2019-06-25 14:13:24,628 DEBUG - 16.545ms,commonrequest:getSyncStatus:DONE
2019-06-25 14:13:24,650 DEBUG - 17.952ms,make_request:getGroupPeers,sendbyts:70
2019-06-25 14:13:24,650 DEBUG - 17.952ms,commonrequest:getGroupPeers:DONE
2019-06-25 14:13:24,673 DEBUG - 20.244ms,make_request:getNodeIDList,sendbyts:70
2019-06-25 14:13:24,674 DEBUG - 21.691ms,commonrequest:getNodeIDList:DONE
2019-06-25 14:13:24,702 DEBUG - 21.241ms,make_request:getGroupList,sendbyts:69
2019-06-25 14:13:24,702 DEBUG - 21.743ms,commonrequest:getGroupList:DONE
2019-06-25 14:21:43,288 DEBUG - 33.588ms,make_request:getBlockByNumber,sendbyts:86
2019-06-25 14:21:43,289 DEBUG - 34.592ms,commonrequest:getBlockByNumber:DONE
2019-06-25 14:21:49,088 DEBUG - 32.247ms,make_request:getBlockByNumber,sendbyts:85
2019-06-25 14:21:49,090 DEBUG - 34.247ms,commonrequest:getBlockByNumber:DONE
2019-06-25 14:22:21,500 DEBUG - 38.107ms,make_request:getBlockNumber,sendbyts:70
2019-06-25 14:22:21,501 DEBUG - 39.101ms,commonrequest:getBlockNumber:DONE
2019-06-25 14:22:21,537 DEBUG - 15.192ms,make_request:sendRawTransaction,sendbyts:638
2019-06-25 14:22:21,537 DEBUG - 15.694ms,commonrequest:sendRawTransaction:DONE
2019-06-25 14:22:21,554 DEBUG - 16.822ms,make_request:getTransactionReceipt,sendbyts:147
2019-06-25 14:22:21,555 DEBUG - 17.322ms,commonrequest:getTransactionReceipt:DONE
2019-06-25 14:22:22,577 DEBUG - 21.280ms,make_request:getTransactionReceipt,sendbyts:147
2019-06-25 14:22:22,578 DEBUG - 22.297ms,commonrequest:getTransactionReceipt:DONE
2019-06-25 14:22:22,578 DEBUG - 1120.448ms,sendRawTransactionGetReceipt,DONE
2019-06-25 14:22:22,616 DEBUG - 18.727ms,make_request:getTransactionByHash,sendbyts:146
2019-06-25 14:22:22,616 DEBUG - 18.727ms,commonrequest:getTransactionByHash:DONE
2019-06-25 14:22:25,695 DEBUG - 42.109ms,make_request:call,sendbyts:202
2019-06-25 14:22:25,696 DEBUG - 43.113ms,commonrequest:call:DONE
2019-06-25 14:22:30,801 DEBUG - 31.085ms,make_request:call,sendbyts:266
2019-06-25 14:22:30,802 DEBUG - 32.087ms,commonrequest:call:DONE
2019-06-25 14:22:40,178 DEBUG - 28.427ms,make_request:getBlockNumber,sendbyts:70
2019-06-25 14:22:40,178 DEBUG - 28.955ms,commonrequest:getBlockNumber:DONE
2019-06-25 14:22:40,212 DEBUG - 13.061ms,make_request:sendRawTransaction,sendbyts:6804
2019-06-25 14:22:40,213 DEBUG - 13.561ms,commonrequest:sendRawTransaction:DONE
2019-06-25 14:22:40,227 DEBUG - 14.012ms,make_request:getTransactionReceipt,sendbyts:147
2019-06-25 14:22:40,227 DEBUG - 14.513ms,commonrequest:getTransactionReceipt:DONE
2019-06-25 14:22:41,247 DEBUG - 18.165ms,make_request:getTransactionReceipt,sendbyts:147
2019-06-25 14:22:41,248 DEBUG - 18.665ms,commonrequest:getTransactionReceipt:DONE
2019-06-25 14:22:41,248 DEBUG - 1098.454ms,sendRawTransactionGetReceipt,DONE
2019-06-25 14:22:54,266 DEBUG - 31.376ms,make_request:getBlockNumber,sendbyts:70
2019-06-25 14:22:54,266 DEBUG - 32.349ms,commonrequest:getBlockNumber:DONE
2019-06-25 14:22:54,310 DEBUG - 16.545ms,make_request:sendRawTransaction,sendbyts:638
2019-06-25 14:22:54,310 DEBUG - 16.545ms,commonrequest:sendRawTransaction:DONE
2019-06-25 14:22:54,327 DEBUG - 16.043ms,make_request:getTransactionReceipt,sendbyts:147
2019-06-25 14:22:54,327 DEBUG - 16.544ms,commonrequest:getTransactionReceipt:DONE
2019-06-25 14:22:55,344 DEBUG - 15.629ms,make_request:getTransactionReceipt,sendbyts:147
2019-06-25 14:22:55,344 DEBUG - 16.117ms,commonrequest:getTransactionReceipt:DONE
2019-06-25 14:22:55,344 DEBUG - 1113.125ms,sendRawTransactionGetReceipt,DONE
2019-06-25 14:22:55,379 DEBUG - 16.042ms,make_request:getTransactionByHash,sendbyts:146
2019-06-25 14:22:55,379 DEBUG - 16.543ms,commonrequest:getTransactionByHash:DONE
2019-06-25 15:26:36,038 DEBUG - 36.094ms,make_request:getBlockNumber,sendbyts:70
2019-06-25 15:26:36,039 DEBUG - 38.102ms,commonrequest:getBlockNumber:DONE
2019-06-25 15:26:36,082 DEBUG - 17.173ms,make_request:sendRawTransaction,sendbyts:6804
2019-06-25 15:26:36,082 DEBUG - 17.173ms,commonrequest:sendRawTransaction:DONE
2019-06-25 15:26:36,096 DEBUG - 14.072ms,make_request:getTransactionReceipt,sendbyts:147
2019-06-25 15:26:36,096 DEBUG - 14.072ms,commonrequest:getTransactionReceipt:DONE
2019-06-25 15:26:37,112 DEBUG - 15.015ms,make_request:getTransactionReceipt,sendbyts:147
2019-06-25 15:26:37,112 DEBUG - 15.015ms,commonrequest:getTransactionReceipt:DONE
2019-06-25 15:26:37,112 DEBUG - 1113.019ms,sendRawTransactionGetReceipt,DONE
2019-06-25 15:26:40,256 DEBUG - 30.041ms,make_request:getBlockNumber,sendbyts:70
2019-06-25 15:26:40,257 DEBUG - 31.043ms,commonrequest:getBlockNumber:DONE
2019-06-25 15:26:40,294 DEBUG - 16.013ms,make_request:sendRawTransaction,sendbyts:638
2019-06-25 15:26:40,294 DEBUG - 16.013ms,commonrequest:sendRawTransaction:DONE
2019-06-25 15:26:40,316 DEBUG - 22.058ms,make_request:getTransactionReceipt,sendbyts:147
2019-06-25 15:26:40,317 DEBUG - 23.060ms,commonrequest:getTransactionReceipt:DONE
2019-06-25 15:26:41,335 DEBUG - 18.050ms,make_request:getTransactionReceipt,sendbyts:147
2019-06-25 15:26:41,335 DEBUG - 18.050ms,commonrequest:getTransactionReceipt:DONE
2019-06-25 15:26:41,335 DEBUG - 1112.084ms,sendRawTransactionGetReceipt,DONE
2019-06-25 15:26:41,372 DEBUG - 17.051ms,make_request:getTransactionByHash,sendbyts:146
2019-06-25 15:26:41,373 DEBUG - 19.058ms,commonrequest:getTransactionByHash:DONE
2019-06-25 15:26:44,553 DEBUG - 30.082ms,make_request:call,sendbyts:202
2019-06-25 15:26:44,554 DEBUG - 32.086ms,commonrequest:call:DONE
2019-06-25 15:26:47,728 DEBUG - 46.154ms,make_request:call,sendbyts:266
2019-06-25 15:26:47,729 DEBUG - 47.157ms,commonrequest:call:DONE
2019-06-25 15:26:50,740 DEBUG - 33.088ms,make_request:getBlockByNumber,sendbyts:86
2019-06-25 15:26:50,740 DEBUG - 33.088ms,commonrequest:getBlockByNumber:DONE
2019-06-25 15:26:53,679 DEBUG - 32.088ms,make_request:getBlockByHash,sendbyts:146
2019-06-25 15:26:53,680 DEBUG - 33.091ms,commonrequest:getBlockByHash:DONE
2019-06-25 15:26:56,709 DEBUG - 56.238ms,make_request:getTransactionByHash,sendbyts:146
2019-06-25 15:26:56,711 DEBUG - 58.242ms,commonrequest:getTransactionByHash:DONE
2019-06-25 15:28:46,719 DEBUG - 32.158ms,make_request:getTransactionReceipt,sendbyts:147
2019-06-25 15:28:46,720 DEBUG - 33.087ms,commonrequest:getTransactionReceipt:DONE
2019-06-25 15:29:35,700 DEBUG - 34.096ms,make_request:getTransactionReceipt,sendbyts:147
2019-06-25 15:29:35,702 DEBUG - 36.102ms,commonrequest:getTransactionReceipt:DONE
2019-06-25 15:29:50,596 DEBUG - 39.074ms,make_request:getBlockNumber,sendbyts:70
2019-06-25 15:29:50,597 DEBUG - 39.074ms,commonrequest:getBlockNumber:DONE
2019-06-25 15:29:50,640 DEBUG - 16.071ms,make_request:sendRawTransaction,sendbyts:6804
2019-06-25 15:29:50,641 DEBUG - 17.048ms,commonrequest:sendRawTransaction:DONE
2019-06-25 15:29:50,657 DEBUG - 16.043ms,make_request:getTransactionReceipt,sendbyts:147
2019-06-25 15:29:50,657 DEBUG - 16.043ms,commonrequest:getTransactionReceipt:DONE
2019-06-25 15:29:51,683 DEBUG - 24.954ms,make_request:getTransactionReceipt,sendbyts:147
2019-06-25 15:29:51,684 DEBUG - 25.954ms,commonrequest:getTransactionReceipt:DONE
2019-06-25 15:29:51,685 DEBUG - 1128.181ms,sendRawTransactionGetReceipt,DONE
2019-06-25 15:29:54,712 DEBUG - 32.053ms,make_request:getBlockNumber,sendbyts:70
2019-06-25 15:29:54,712 DEBUG - 33.055ms,commonrequest:getBlockNumber:DONE
2019-06-25 15:29:54,748 DEBUG - 16.047ms,make_request:sendRawTransaction,sendbyts:638
2019-06-25 15:29:54,748 DEBUG - 16.047ms,commonrequest:sendRawTransaction:DONE
2019-06-25 15:29:54,767 DEBUG - 19.048ms,make_request:getTransactionReceipt,sendbyts:147
2019-06-25 15:29:54,767 DEBUG - 19.048ms,commonrequest:getTransactionReceipt:DONE
2019-06-25 15:29:55,786 DEBUG - 17.049ms,make_request:getTransactionReceipt,sendbyts:147
2019-06-25 15:29:55,787 DEBUG - 18.050ms,commonrequest:getTransactionReceipt:DONE
2019-06-25 15:29:55,787 DEBUG - 1110.954ms,sendRawTransactionGetReceipt,DONE
2019-06-25 15:29:55,823 DEBUG - 15.039ms,make_request:getTransactionByHash,sendbyts:146
2019-06-25 15:29:55,824 DEBUG - 16.045ms,commonrequest:getTransactionByHash:DONE
2019-06-25 15:29:58,978 DEBUG - 29.078ms,make_request:call,sendbyts:202
2019-06-25 15:29:58,979 DEBUG - 30.080ms,commonrequest:call:DONE
2019-06-25 15:30:02,088 DEBUG - 34.093ms,make_request:call,sendbyts:266
2019-06-25 15:30:02,088 DEBUG - 34.093ms,commonrequest:call:DONE
2019-06-25 15:30:05,591 DEBUG - 40.109ms,make_request:getBlockByNumber,sendbyts:86
2019-06-25 15:30:05,592 DEBUG - 41.112ms,commonrequest:getBlockByNumber:DONE
2019-06-25 15:30:08,777 DEBUG - 62.165ms,make_request:getBlockByHash,sendbyts:146
2019-06-25 15:30:08,778 DEBUG - 64.173ms,commonrequest:getBlockByHash:DONE
2019-06-25 15:30:12,165 DEBUG - 33.089ms,make_request:getTransactionByHash,sendbyts:146
2019-06-25 15:30:12,165 DEBUG - 33.089ms,commonrequest:getTransactionByHash:DONE
2019-06-25 15:30:15,497 DEBUG - 28.076ms,make_request:getTransactionReceipt,sendbyts:147
2019-06-25 15:30:15,497 DEBUG - 28.076ms,commonrequest:getTransactionReceipt:DONE
2019-06-25 15:30:15,536 DEBUG - 13.032ms,make_request:getTransactionByHash,sendbyts:146
2019-06-25 15:30:15,536 DEBUG - 13.032ms,commonrequest:getTransactionByHash:DONE
2019-06-25 17:03:07,538 DEBUG - 35.091ms,make_request:getClientVersion,sendbyts:72
2019-06-25 17:03:07,539 DEBUG - 36.095ms,commonrequest:getClientVersion:DONE
2019-06-25 17:04:13,648 DEBUG - 29.090ms,make_request:getClientVersion,sendbyts:72
2019-06-25 17:04:13,649 DEBUG - 30.082ms,commonrequest:getClientVersion:DONE
2019-06-25 17:05:16,238 DEBUG - 30.050ms,make_request:getClientVersion,sendbyts:72
2019-06-25 17:05:16,238 DEBUG - 30.050ms,commonrequest:getClientVersion:DONE
2019-06-25 17:05:29,301 DEBUG - 32.120ms,make_request:getClientVersion,sendbyts:72
2019-06-25 17:05:29,301 DEBUG - 32.120ms,commonrequest:getClientVersion:DONE
2019-06-25 17:12:53,182 DEBUG - 32.084ms,make_request:getBlockNumber,sendbyts:70
2019-06-25 17:12:53,182 DEBUG - 33.088ms,commonrequest:getBlockNumber:DONE
2019-06-25 17:12:53,231 DEBUG - 18.051ms,make_request:sendRawTransaction,sendbyts:6804
2019-06-25 17:12:53,231 DEBUG - 18.051ms,commonrequest:sendRawTransaction:DONE
2019-06-25 17:12:53,246 DEBUG - 15.078ms,make_request:getTransactionReceipt,sendbyts:147
2019-06-25 17:12:53,247 DEBUG - 16.039ms,commonrequest:getTransactionReceipt:DONE
2019-06-25 17:12:54,269 DEBUG - 20.965ms,make_request:getTransactionReceipt,sendbyts:147
2019-06-25 17:12:54,270 DEBUG - 21.967ms,commonrequest:getTransactionReceipt:DONE
2019-06-25 17:12:54,270 DEBUG - 1122.116ms,sendRawTransactionGetReceipt,DONE
2019-06-25 17:12:57,308 DEBUG - 29.076ms,make_request:getBlockNumber,sendbyts:70
2019-06-25 17:12:57,309 DEBUG - 30.079ms,commonrequest:getBlockNumber:DONE
2019-06-25 17:12:57,343 DEBUG - 14.006ms,make_request:sendRawTransaction,sendbyts:638
2019-06-25 17:12:57,343 DEBUG - 14.006ms,commonrequest:sendRawTransaction:DONE
2019-06-25 17:12:57,356 DEBUG - 12.087ms,make_request:getTransactionReceipt,sendbyts:147
2019-06-25 17:12:57,357 DEBUG - 14.071ms,commonrequest:getTransactionReceipt:DONE
2019-06-25 17:12:58,380 DEBUG - 21.942ms,make_request:getTransactionReceipt,sendbyts:147
2019-06-25 17:12:58,382 DEBUG - 23.940ms,commonrequest:getTransactionReceipt:DONE
2019-06-25 17:12:58,382 DEBUG - 1106.086ms,sendRawTransactionGetReceipt,DONE
2019-06-25 17:12:58,419 DEBUG - 15.037ms,make_request:getTransactionByHash,sendbyts:146
2019-06-25 17:12:58,419 DEBUG - 15.037ms,commonrequest:getTransactionByHash:DONE
2019-06-25 17:13:01,496 DEBUG - 34.092ms,make_request:call,sendbyts:202
2019-06-25 17:13:01,496 DEBUG - 34.092ms,commonrequest:call:DONE
2019-06-25 17:13:04,620 DEBUG - 36.099ms,make_request:call,sendbyts:266
2019-06-25 17:13:04,621 DEBUG - 37.102ms,commonrequest:call:DONE
2019-06-25 17:13:07,835 DEBUG - 31.085ms,make_request:getBlockByNumber,sendbyts:86
2019-06-25 17:13:07,836 DEBUG - 32.063ms,commonrequest:getBlockByNumber:DONE
2019-06-25 17:13:10,854 DEBUG - 40.107ms,make_request:getBlockByHash,sendbyts:146
2019-06-25 17:13:10,855 DEBUG - 41.110ms,commonrequest:getBlockByHash:DONE
2019-06-25 17:13:13,867 DEBUG - 32.088ms,make_request:getTransactionByHash,sendbyts:146
2019-06-25 17:13:13,868 DEBUG - 33.090ms,commonrequest:getTransactionByHash:DONE
2019-06-25 17:13:16,920 DEBUG - 31.084ms,make_request:getTransactionReceipt,sendbyts:147
2019-06-25 17:13:16,921 DEBUG - 32.087ms,commonrequest:getTransactionReceipt:DONE
2019-06-25 17:13:16,974 DEBUG - 24.049ms,make_request:getTransactionByHash,sendbyts:146
2019-06-25 17:13:16,975 DEBUG - 25.050ms,commonrequest:getTransactionByHash:DONE
2019-06-25 17:14:52,157 DEBUG - 34.095ms,make_request:getClientVersion,sendbyts:72
2019-06-25 17:14:52,158 DEBUG - 35.123ms,commonrequest:getClientVersion:DONE
2019-06-25 17:14:55,493 DEBUG - 31.082ms,make_request:getBlockNumber,sendbyts:70
2019-06-25 17:14:55,494 DEBUG - 32.086ms,commonrequest:getBlockNumber:DONE
2019-06-25 17:15:10,306 DEBUG - 27.036ms,make_request:getBlockNumber,sendbyts:70
2019-06-25 17:15:10,306 DEBUG - 27.036ms,commonrequest:getBlockNumber:DONE
2019-06-25 17:15:10,341 DEBUG - 15.147ms,make_request:sendRawTransaction,sendbyts:6804
2019-06-25 17:15:10,342 DEBUG - 16.003ms,commonrequest:sendRawTransaction:DONE
2019-06-25 17:15:10,354 DEBUG - 12.187ms,make_request:getTransactionReceipt,sendbyts:147
2019-06-25 17:15:10,355 DEBUG - 13.110ms,commonrequest:getTransactionReceipt:DONE
2019-06-25 17:15:23,945 DEBUG - 33.057ms,make_request:getClientVersion,sendbyts:72
2019-06-25 17:15:23,945 DEBUG - 33.057ms,commonrequest:getClientVersion:DONE
2019-06-25 17:15:26,974 DEBUG - 32.104ms,make_request:getPeers,sendbyts:64
2019-06-25 17:15:26,975 DEBUG - 33.090ms,commonrequest:getPeers:DONE
2019-06-25 17:15:30,138 DEBUG - 28.126ms,make_request:getBlockNumber,sendbyts:70
2019-06-25 17:15:30,138 DEBUG - 28.126ms,commonrequest:getBlockNumber:DONE
2019-06-25 17:15:33,121 DEBUG - 35.092ms,make_request:getBlockByNumber,sendbyts:86
2019-06-25 17:15:33,122 DEBUG - 36.095ms,commonrequest:getBlockByNumber:DONE
2019-06-25 17:15:36,161 DEBUG - 45.125ms,make_request:getBlockByNumber,sendbyts:85
2019-06-25 17:15:36,163 DEBUG - 47.131ms,commonrequest:getBlockByNumber:DONE
2019-06-25 17:15:40,843 DEBUG - 29.085ms,make_request:getBlockNumber,sendbyts:70
2019-06-25 17:15:40,843 DEBUG - 29.085ms,commonrequest:getBlockNumber:DONE
2019-06-25 17:15:40,881 DEBUG - 17.045ms,make_request:sendRawTransaction,sendbyts:6804
2019-06-25 17:15:40,881 DEBUG - 17.045ms,commonrequest:sendRawTransaction:DONE
2019-06-25 17:15:40,896 DEBUG - 14.174ms,make_request:getTransactionReceipt,sendbyts:147
2019-06-25 17:15:40,897 DEBUG - 16.048ms,commonrequest:getTransactionReceipt:DONE
2019-06-25 17:15:41,915 DEBUG - 18.051ms,make_request:getTransactionReceipt,sendbyts:147
2019-06-25 17:15:41,915 DEBUG - 18.051ms,commonrequest:getTransactionReceipt:DONE
2019-06-25 17:15:41,915 DEBUG - 1101.719ms,sendRawTransactionGetReceipt,DONE
2019-06-25 17:16:05,060 DEBUG - 31.084ms,make_request:getClientVersion,sendbyts:72
2019-06-25 17:16:05,061 DEBUG - 32.086ms,commonrequest:getClientVersion:DONE
2019-06-25 17:16:08,181 DEBUG - 33.089ms,make_request:getPeers,sendbyts:64
2019-06-25 17:16:08,182 DEBUG - 34.093ms,commonrequest:getPeers:DONE
2019-06-25 17:16:11,312 DEBUG - 39.110ms,make_request:getBlockNumber,sendbyts:70
2019-06-25 17:16:11,313 DEBUG - 40.107ms,commonrequest:getBlockNumber:DONE
2019-06-25 17:16:14,425 DEBUG - 38.107ms,make_request:getBlockByNumber,sendbyts:86
2019-06-25 17:16:14,426 DEBUG - 39.108ms,commonrequest:getBlockByNumber:DONE
2019-06-25 17:16:17,614 DEBUG - 43.201ms,make_request:getBlockByNumber,sendbyts:85
2019-06-25 17:16:17,615 DEBUG - 44.119ms,commonrequest:getBlockByNumber:DONE
2019-06-25 17:16:26,356 DEBUG - 29.077ms,make_request:getBlockNumber,sendbyts:70
2019-06-25 17:16:26,357 DEBUG - 30.080ms,commonrequest:getBlockNumber:DONE
2019-06-25 17:16:26,403 DEBUG - 21.147ms,make_request:sendRawTransaction,sendbyts:6804
2019-06-25 17:16:26,404 DEBUG - 22.094ms,commonrequest:sendRawTransaction:DONE
2019-06-25 17:16:26,419 DEBUG - 14.156ms,make_request:getTransactionReceipt,sendbyts:147
2019-06-25 17:16:26,419 DEBUG - 15.043ms,commonrequest:getTransactionReceipt:DONE
2019-06-25 17:16:27,434 DEBUG - 13.866ms,make_request:getTransactionReceipt,sendbyts:147
2019-06-25 17:16:27,434 DEBUG - 13.866ms,commonrequest:getTransactionReceipt:DONE
2019-06-25 17:16:27,434 DEBUG - 1107.989ms,sendRawTransactionGetReceipt,DONE
2019-06-25 17:16:30,473 DEBUG - 30.079ms,make_request:getBlockNumber,sendbyts:70
2019-06-25 17:16:30,474 DEBUG - 31.082ms,commonrequest:getBlockNumber:DONE
2019-06-25 17:16:30,508 DEBUG - 14.043ms,make_request:sendRawTransaction,sendbyts:638
2019-06-25 17:16:30,509 DEBUG - 15.046ms,commonrequest:sendRawTransaction:DONE
2019-06-25 17:16:30,524 DEBUG - 15.034ms,make_request:getTransactionReceipt,sendbyts:147
2019-06-25 17:16:30,525 DEBUG - 16.073ms,commonrequest:getTransactionReceipt:DONE
2019-06-25 17:16:31,543 DEBUG - 16.882ms,make_request:getTransactionReceipt,sendbyts:147
2019-06-25 17:16:31,544 DEBUG - 17.905ms,commonrequest:getTransactionReceipt:DONE
2019-06-25 17:16:31,544 DEBUG - 1104.105ms,sendRawTransactionGetReceipt,DONE
2019-06-25 17:16:31,577 DEBUG - 16.042ms,make_request:getTransactionByHash,sendbyts:146
2019-06-25 17:16:31,578 DEBUG - 18.077ms,commonrequest:getTransactionByHash:DONE
2019-06-25 17:16:34,613 DEBUG - 33.127ms,make_request:call,sendbyts:202
2019-06-25 17:16:34,614 DEBUG - 34.124ms,commonrequest:call:DONE
2019-06-25 17:16:37,575 DEBUG - 32.085ms,make_request:call,sendbyts:266
2019-06-25 17:16:37,575 DEBUG - 32.085ms,commonrequest:call:DONE
2019-06-25 17:16:40,536 DEBUG - 31.083ms,make_request:getBlockByNumber,sendbyts:86
2019-06-25 17:16:40,537 DEBUG - 32.086ms,commonrequest:getBlockByNumber:DONE
2019-06-25 17:16:43,571 DEBUG - 32.086ms,make_request:getBlockByHash,sendbyts:146
2019-06-25 17:16:43,572 DEBUG - 33.088ms,commonrequest:getBlockByHash:DONE
2019-06-25 17:16:46,657 DEBUG - 33.061ms,make_request:getTransactionByHash,sendbyts:146
2019-06-25 17:16:46,658 DEBUG - 34.032ms,commonrequest:getTransactionByHash:DONE
2019-06-25 17:16:49,822 DEBUG - 37.098ms,make_request:getTransactionReceipt,sendbyts:147
2019-06-25 17:16:49,824 DEBUG - 38.101ms,commonrequest:getTransactionReceipt:DONE
2019-06-25 17:16:49,868 DEBUG - 18.127ms,make_request:getTransactionByHash,sendbyts:146
2019-06-25 17:16:49,869 DEBUG - 19.072ms,commonrequest:getTransactionByHash:DONE
2019-06-25 17:17:09,762 DEBUG - 35.063ms,make_request:getClientVersion,sendbyts:72
2019-06-25 17:17:09,762 DEBUG - 35.063ms,commonrequest:getClientVersion:DONE
2019-06-25 17:17:12,692 DEBUG - 37.099ms,make_request:getPeers,sendbyts:64
2019-06-25 17:17:12,692 DEBUG - 38.102ms,commonrequest:getPeers:DONE
2019-06-25 17:17:15,677 DEBUG - 41.109ms,make_request:getBlockNumber,sendbyts:70
2019-06-25 17:17:15,678 DEBUG - 42.112ms,commonrequest:getBlockNumber:DONE
2019-06-25 17:17:18,636 DEBUG - 33.034ms,make_request:getBlockByNumber,sendbyts:86
2019-06-25 17:17:18,637 DEBUG - 34.024ms,commonrequest:getBlockByNumber:DONE
2019-06-25 17:17:21,597 DEBUG - 52.136ms,make_request:getBlockByNumber,sendbyts:85
2019-06-25 17:17:21,598 DEBUG - 53.138ms,commonrequest:getBlockByNumber:DONE
2019-06-25 17:17:24,557 DEBUG - 40.106ms,make_request:getBlockByHash,sendbyts:146
2019-06-25 17:17:24,557 DEBUG - 40.106ms,commonrequest:getBlockByHash:DONE
2019-06-25 17:17:27,523 DEBUG - 34.093ms,make_request:getTransactionByHash,sendbyts:146
2019-06-25 17:17:27,525 DEBUG - 36.096ms,commonrequest:getTransactionByHash:DONE
2019-06-25 17:17:30,603 DEBUG - 49.129ms,make_request:getTransactionReceipt,sendbyts:147
2019-06-25 17:17:30,603 DEBUG - 49.129ms,commonrequest:getTransactionReceipt:DONE
2019-06-25 17:17:30,643 DEBUG - 23.064ms,make_request:getTransactionByHash,sendbyts:146
2019-06-25 17:17:30,644 DEBUG - 24.064ms,commonrequest:getTransactionByHash:DONE
2019-06-25 17:17:39,937 DEBUG - 35.094ms,make_request:getBlockNumber,sendbyts:70
2019-06-25 17:17:39,938 DEBUG - 36.103ms,commonrequest:getBlockNumber:DONE
2019-06-25 17:17:39,999 DEBUG - 33.085ms,make_request:sendRawTransaction,sendbyts:6804
2019-06-25 17:17:40,000 DEBUG - 34.089ms,commonrequest:sendRawTransaction:DONE
2019-06-25 17:17:40,030 DEBUG - 29.122ms,make_request:getTransactionReceipt,sendbyts:147
2019-06-25 17:17:40,030 DEBUG - 30.121ms,commonrequest:getTransactionReceipt:DONE
2019-06-25 17:17:41,057 DEBUG - 26.074ms,make_request:getTransactionReceipt,sendbyts:147
2019-06-25 17:17:41,057 DEBUG - 26.074ms,commonrequest:getTransactionReceipt:DONE
2019-06-25 17:17:41,057 DEBUG - 1155.153ms,sendRawTransactionGetReceipt,DONE
2019-06-25 17:17:44,281 DEBUG - 36.095ms,make_request:getBlockNumber,sendbyts:70
2019-06-25 17:17:44,282 DEBUG - 37.098ms,commonrequest:getBlockNumber:DONE
2019-06-25 17:17:44,323 DEBUG - 17.050ms,make_request:sendRawTransaction,sendbyts:638
2019-06-25 17:17:44,324 DEBUG - 18.055ms,commonrequest:sendRawTransaction:DONE
2019-06-25 17:17:44,347 DEBUG - 22.055ms,make_request:getTransactionReceipt,sendbyts:147
2019-06-25 17:17:44,348 DEBUG - 24.057ms,commonrequest:getTransactionReceipt:DONE
2019-06-25 17:17:45,370 DEBUG - 20.055ms,make_request:getTransactionReceipt,sendbyts:147
2019-06-25 17:17:45,371 DEBUG - 21.058ms,commonrequest:getTransactionReceipt:DONE
2019-06-25 17:17:45,371 DEBUG - 1130.087ms,sendRawTransactionGetReceipt,DONE
2019-06-25 17:17:45,411 DEBUG - 20.055ms,make_request:getTransactionByHash,sendbyts:146
2019-06-25 17:17:45,411 DEBUG - 21.056ms,commonrequest:getTransactionByHash:DONE
2019-06-25 17:17:48,642 DEBUG - 42.099ms,make_request:call,sendbyts:202
2019-06-25 17:17:48,642 DEBUG - 42.099ms,commonrequest:call:DONE
2019-06-25 17:17:52,006 DEBUG - 39.102ms,make_request:call,sendbyts:266
2019-06-25 17:17:52,006 DEBUG - 39.102ms,commonrequest:call:DONE
